[2024-07-31 05:49:53,237] [WARNING] [agent] The kwargs={'multisend_batch_size': 5, 'ipfs_address': 'https://gateway.autonolas.tech/ipfs/', 'service_endpoint_base': 'https://learning.staging.autonolas.tech/', 'coingecko_price_template': 'https://api.coingecko.com/api/v3/simple/price?ids=autonolas&vs_currencies=inr&x_cg_demo_api_key={api_key}', 'coingecko_api_key': 'CG-EXLYYH79KBhcWr1h6zoCWDPw', 'default_chain_id': 'gnosis', 'decision_threshold': 130} passed to params have not been set!
[2024-07-31 05:49:53,526] [INFO] [agent] HTTP Server has connected to port: 8000.
[2024-07-31 05:49:54,239] [INFO] [agent] Connecting to libp2p node acn.staging.autonolas.tech:9005. Attempt 1
[2024-07-31 05:50:06,052] [INFO] [agent] Successfully connected to libp2p node acn.staging.autonolas.tech:9005
[2024-07-31 05:50:06,058] [INFO] [agent] Entered in the 'registration_startup_round' round for period 0
[2024-07-31 05:50:06,060] [INFO] [agent] Start processing messages...
[2024-07-31 05:50:06,071] [INFO] [agent] Entered in the 'registration_startup_behaviour' behaviour
[2024-07-31 05:50:06,079] [INFO] [agent] Synchronizing with Tendermint...
[2024-07-31 05:50:09,218] [INFO] [agent] local height == remote == 1; Synchronization complete.
[2024-07-31 05:50:09,220] [INFO] [agent] Sharing Tendermint config on start-up?: False
[2024-07-31 05:50:11,074] [WARNING] [agent] Slashing has not been enabled!
[2024-07-31 05:50:11,075] [INFO] [agent] 'registration_startup_round' round is done with event: Event.DONE
[2024-07-31 05:50:11,075] [INFO] [agent] Entered in the 'a_p_i_check_round' round for period 0
[2024-07-31 05:50:11,080] [INFO] [agent] Entered in the 'a_p_i_check_behaviour' behaviour
[2024-07-31 05:50:11,081] [INFO] [agent] 0xbcf253651cfb56355a56aaed5c7cfbaf25dd04db
[2024-07-31 05:50:12,241] [INFO] [agent] These are the proposals: Message(sender=valory/ledger:0.19.0,to=valory/learning_chained_abci:0.1.0,dialogue_reference=('f8f325ae6603e580d9ad96f9e001060ce0424cd3e87ff9711876b1206e06931a', '7e10684838fb37fd7f8be8e4690d33662f3f15cfbff8b80c38d09f3b4148bd36'),message_id=-1,performative=state,state=State: ledger_id=ethereum, body={'data': [(0, '0xa2c152DA86e5165727D9974C0C6b5157172a56bb', 100, True, 1722403107), (1, '0xa2c152DA86e5165727D9974C0C6b5157172a56bb', 200, False, 1722404552)]},target=1)
[2024-07-31 05:50:13,228] [INFO] [agent] Successfully stored new_proposal.json to IPFS with hash: QmayFX1xQZDEHX3Tq1PC3aazWXMmrchJ5Yr14xCajBBbFk
[2024-07-31 05:50:13,229] [INFO] [agent] The IPFS hash is : QmayFX1xQZDEHX3Tq1PC3aazWXMmrchJ5Yr14xCajBBbFk
[2024-07-31 05:50:15,204] [INFO] [agent] 'a_p_i_check_round' round is done with event: Event.DONE
[2024-07-31 05:50:15,204] [INFO] [agent] Entered in the 'decision_making_round' round for period 0
[2024-07-31 05:50:15,208] [INFO] [agent] Entered in the 'decision_making_behaviour' behaviour
[2024-07-31 05:50:15,860] [INFO] [agent] Retrieved 1 objects from ipfs.
[2024-07-31 05:50:16,898] [INFO] [agent] Proposals are: Message(sender=valory/ledger:0.19.0,to=valory/learning_chained_abci:0.1.0,dialogue_reference=('6a7f8cd25eeaa91abc996821a7c598966f3de52a3de18b25d889b99edf117911', '8242ccf6fb99325231e3335bd56c5eb23dfca8412bbbe9c66675f4229a6f388c'),message_id=-1,performative=state,state=State: ledger_id=ethereum, body={'data': [(0, '0xa2c152DA86e5165727D9974C0C6b5157172a56bb', 100, True, 1722403107), (1, '0xa2c152DA86e5165727D9974C0C6b5157172a56bb', 200, False, 1722404552)]},target=1)
[2024-07-31 05:50:16,900] [INFO] [agent] Maximum amount: 10000 , Minimum amount 10
[2024-07-31 05:50:16,900] [INFO] [agent] Proposal amount: 100
[2024-07-31 05:50:16,900] [INFO] [agent] Proposal amount: 200
[2024-07-31 05:50:16,901] [INFO] [agent] DECISION MADE: transact
[2024-07-31 05:50:17,850] [INFO] [agent] 'decision_making_round' round is done with event: Event.TRANSACT
[2024-07-31 05:50:17,850] [INFO] [agent] Entered in the 'tx_preparation_round' round for period 0
[2024-07-31 05:50:17,865] [INFO] [agent] Entered in the 'tx_preparation_behaviour' behaviour
[2024-07-31 05:50:17,865] [INFO] [agent] contract address:0xbcf253651cfb56355a56aaed5c7cfbaf25dd04db
[2024-07-31 05:50:17,866] [INFO] [agent] amount:200
[2024-07-31 05:50:17,977] [INFO] [agent] APPROVE TXN: Message(sender=valory/ledger:0.19.0,to=valory/learning_chained_abci:0.1.0,dialogue_reference=('c36e310c3130123f41471fd47260d1a55956f8af83db1b55f6a1dbc7c3161e6b', 'edd12e5c536da0d222202b6080c303ab90c79462b539c072f9b6a096114cd61e'),message_id=-1,performative=state,state=State: ledger_id=ethereum, body={'data': '0x095ea7b3000000000000000000000000bcf253651cfb56355a56aaed5c7cfbaf25dd04db00000000000000000000000000000000000000000000000000000000000000c8'},target=1)
[2024-07-31 05:50:18,039] [INFO] [agent] EXECUTE TXN: Message(sender=valory/ledger:0.19.0,to=valory/learning_chained_abci:0.1.0,dialogue_reference=('23ed5228229811c664bba4c1be8ede939b47529e1bfc19077f7950d5a11e7057', 'e148cc0d74e57369ebf7a85be5db1638254c7be1407155954733bb9d4f8027f3'),message_id=-1,performative=state,state=State: ledger_id=ethereum, body={'data': '0x0d61b5190000000000000000000000000000000000000000000000000000000000000001'},target=1)
[2024-07-31 05:50:18,529] [INFO] [agent] PREPARED MULTISEND TXN: Message(sender=valory/ledger:0.19.0,to=valory/learning_chained_abci:0.1.0,dialogue_reference=('c4c113d97a86a071c7bb734410a0d2bb81ac677ebf8916acacb32946f29bc63e', '24c8e2a7ce38837dab42118a15b3a92504f591ddffdda06847463485f3d6a91d'),message_id=-1,performative=raw_transaction,raw_transaction=RawTransaction: ledger_id=ethereum, body={'data': '0x8d80ff0a0000000000000000000000000000000000000000000000000000000000000020000000000000000000000000000000000000000000000000000000000000011200e91d153e0b41518a2ce8dd3d7944fa863463a97d00000000000000000000000000000000000000000000000000000000000000000000000000000000000000000000000000000000000000000000000000000044095ea7b3000000000000000000000000bcf253651cfb56355a56aaed5c7cfbaf25dd04db00000000000000000000000000000000000000000000000000000000000000c800bcf253651cfb56355a56aaed5c7cfbaf25dd04db000000000000000000000000000000000000000000000000000000000000000,target=1)
[2024-07-31 05:50:18,529] [INFO] [agent] Preparing to call contract with the following parameters:
[2024-07-31 05:50:18,530] [INFO] [agent] Data: b'\x8d\x80\xff\n\x00\x00\x00\x00\x00\x00\x00\x00\x00\x00\x00\x00\x00\x00\x00\x00\x00\x00\x00\x00\x00\x00\x00\x00\x00\x00\x00\x00\x00\x00\x00 \x00\x00\x00\x00\x00\x00\x00\x00\x00\x00\x00\x00\x00\x00\x00\x00\x00\x00\x00\x00\x00\x00\x00\x00\x00\x00\x00\x00\x00\x00\x01\x12\x00\xe9\x1d\x15>\x0bAQ\x8a,\xe8\xdd=yD\xfa\x864c\xa9}\x00\x00\x00\x00\x00\x00\x00\x00\x00\x00\x00\x00\x00\x00\x00\x00\x00\x00\x00\x00\x00\x00\x00\x00\x00\x00\x00\x00\x00\x00\x00\x00\x00\x00\x00\x00\x00\x00\x00\x00\x00\x00\x00\x00\x00\x00\x00\x00\x00\x00\x00\x00\x00\x00\x00\x00\x00\x00\x00\x00\x00\x00\x00D\t^\xa7\xb3\x00\x00\x00\x00\x00\x00\x00\x00\x00\x00\x00\x00\xbc\xf2Se\x1c\xfbV5ZV\xaa\xed\\|\xfb\xaf%\xdd\x04\xdb\x00\x00\x00\x00\x00\x00\x00\x00\x00\x00\x00\x00\x00\x00\x00\x00\x00\x00\x00\x00\x00\x00\x00\x00\x00\x00\x00\x00\x00\x00\x00\xc8\x00\xbc\xf2Se\x1c\xfbV5ZV\xaa\xed\\|\xfb\xaf%\xdd\x04\xdb\x00\x00\x00\x00\x00\x00\x00\x00\x00\x00\x00\x00\x00\x00\x00\x00\x00\x00\x00\x00\x00\x00\x00\x00\x00\x00\x00\x00\x00\x00\x00\x00\x00\x00\x00\x00\x00\x00\x00\x00\x00\x00\x00\x00\x00\x00\x00\x00\x00\x00\x00\x00\x00\x00\x00\x00\x00\x00\x00\x00\x00\x00\x00$\ra\xb5\x19\x00\x00\x00\x00\x00\x00\x00\x00\x00\x00\x00\x00\x00\x00\x00\x00\x00\x00\x00\x00\x00\x00\x00\x00\x00\x00\x00\x00\x00\x00\x00\x01\x00\x00\x00\x00\x00\x00\x00\x00\x00\x00\x00\x00\x00\x00'
[2024-07-31 05:50:18,530] [INFO] [agent] To Address: 0xA238CBeb142c10Ef7Ad8442C6D1f9E89e07e7761
[2024-07-31 05:50:18,530] [INFO] [agent] Is Multisend: True
[2024-07-31 05:50:20,908] [INFO] [agent] RESPONSE:Message(sender=valory/ledger:0.19.0,to=valory/learning_chained_abci:0.1.0,dialogue_reference=('491feda49a013889becf30d0a95040c5f277b7debe1bea948b3ca75b5412591e', 'a15cb3a83da30b9b272833dea0be13415c287a64792e54c1cb2e4a628a8154aa'),message_id=-1,performative=state,state=State: ledger_id=ethereum, body={'tx_hash': '0xd6cd79e8321eecb0c0e6eb690924ca574d3521ae59c5434524d37c9414dc04f9'},target=1)
[2024-07-31 05:50:20,908] [INFO] [agent] MULTISEND TRANSACTIONS: d6cd79e8321eecb0c0e6eb690924ca574d3521ae59c5434524d37c9414dc04f9000000000000000000000000000000000000000000000000000000000000000000000000000000000000000000000000000000000000000000000000000000000xA238CBeb142c10Ef7Ad8442C6D1f9E89e07e776101000000000000000000000000000000000000000000000000000000000000000000000000000000000000000000000000000000000000000000000000000000000x00000000000000000000000000000000000000000x00000000000000000000000000000000000000000000000000000000000000000000000000000000000000000000000000000000000000000000000000000000000000000000000000000000000000000000000000000000000000000000000000000000000000000000000000000000000000008d80ff0a0000000000000000000000000000000000000000000000000000000000000020000000000000000000000000000000000000000000000000000000000000011200e91d153e0b41518a2ce8dd3d7944fa863463a97d00000000000000000000000000000000000000000000000000000000000000000000000000000000000000000000000000000000000000000000000000000044095ea7b3000000000000000000000000bcf253651cfb56355a56aaed5c7cfbaf25dd04db00000000000000000000000000000000000000000000000000000000000000c800bcf253651cfb56355a56aaed5c7cfbaf25dd04db000000000000000000000000000000000000000000000000000000000000000000000000000000000000000000000000000000000000000000000000000000240d61b51900000000000000000000000000000000000000000000000000000000000000010000000000000000000000000000
[2024-07-31 05:50:21,977] [INFO] [agent] 'tx_preparation_round' round is done with event: Event.DONE
[2024-07-31 05:50:21,977] [INFO] [agent] Entered in the 'randomness_transaction_submission_round' round for period 0
[2024-07-31 05:50:21,981] [INFO] [agent] Entered in the 'randomness_transaction_submission_behaviour' behaviour
[2024-07-31 05:50:21,982] [INFO] [agent] Retrieving DRAND values from api...
[2024-07-31 05:50:22,395] [INFO] [agent] Verifying DRAND values...
[2024-07-31 05:50:24,205] [INFO] [agent] DRAND check successful.
[2024-07-31 05:50:24,205] [INFO] [agent] Retrieved DRAND values: {'round': 4232466, 'signature': 'a725fdd0885207bc5b7620475e2a49c3412e464de972a9a3d8952eaaf318c43b88d8ce62c02f195c3fe9aac5c9009382024941fdc473f177ea79daa7631a6d9d3cf655ce1b0b543373151a6dc1f3a7f1622a66a07fc0cbdd5354f1393cedf747', 'randomness': 'd8262130a2012fb9467796b80365ce5337d12860bc481d83e9f6ccba159de167'}.
[2024-07-31 05:50:26,660] [INFO] [agent] 'randomness_transaction_submission_round' round is done with event: Event.DONE
[2024-07-31 05:50:26,660] [INFO] [agent] Entered in the 'select_keeper_transaction_submission_a_round' round for period 0
[2024-07-31 05:50:26,668] [INFO] [agent] Entered in the 'select_keeper_transaction_submission_behaviour_a' behaviour
[2024-07-31 05:50:26,673] [INFO] [agent] Selected a new keeper: 0x36A6DdCAcb10f495d9c61005C216247Ef9ADfe61.
[2024-07-31 05:50:27,970] [INFO] [agent] 'select_keeper_transaction_submission_a_round' round is done with event: Event.DONE
[2024-07-31 05:50:27,971] [INFO] [agent] Entered in the 'collect_signature_round' round for period 0
[2024-07-31 05:50:27,978] [INFO] [agent] Entered in the 'signature_behaviour' behaviour
[2024-07-31 05:50:27,978] [INFO] [agent] Agreement reached on tx data: d6cd79e8321eecb0c0e6eb690924ca574d3521ae59c5434524d37c9414dc04f9000000000000000000000000000000000000000000000000000000000000000000000000000000000000000000000000000000000000000000000000000000000xA238CBeb142c10Ef7Ad8442C6D1f9E89e07e776101000000000000000000000000000000000000000000000000000000000000000000000000000000000000000000000000000000000000000000000000000000000x00000000000000000000000000000000000000000x00000000000000000000000000000000000000000000000000000000000000000000000000000000000000000000000000000000000000000000000000000000000000000000000000000000000000000000000000000000000000000000000000000000000000000000000000000000000000008d80ff0a0000000000000000000000000000000000000000000000000000000000000020000000000000000000000000000000000000000000000000000000000000011200e91d153e0b41518a2ce8dd3d7944fa863463a97d00000000000000000000000000000000000000000000000000000000000000000000000000000000000000000000000000000000000000000000000000000044095ea7b3000000000000000000000000bcf253651cfb56355a56aaed5c7cfbaf25dd04db00000000000000000000000000000000000000000000000000000000000000c800bcf253651cfb56355a56aaed5c7cfbaf25dd04db000000000000000000000000000000000000000000000000000000000000000000000000000000000000000000000000000000000000000000000000000000240d61b51900000000000000000000000000000000000000000000000000000000000000010000000000000000000000000000
[2024-07-31 05:50:28,003] [INFO] [agent] Signature: c7b1b6f22ef5ebd9f8f1cbf0ff96cdf18f37be248a7d5eed66eeff48cb78e32f6d95aad39c05e1debf4264983d930e53911885d677df1fa6b68990990532baa41c
[2024-07-31 05:50:29,269] [INFO] [agent] 'collect_signature_round' round is done with event: Event.DONE
[2024-07-31 05:50:29,269] [INFO] [agent] Entered in the 'finalization_round' round for period 0
[2024-07-31 05:50:29,291] [INFO] [agent] Entered in the 'finalize_behaviour' behaviour
[2024-07-31 05:50:29,292] [INFO] [agent] I am the designated sender, attempting to send the safe transaction...
[2024-07-31 05:50:31,682] [INFO] [agent] Sending signing request to ledger 'gnosis' for transaction: RawTransaction: ledger_id=ethereum, body={'value': 0, 'chainId': 100, 'from': '0x36A6DdCAcb10f495d9c61005C216247Ef9ADfe61', 'gas': 163749, 'maxFeePerGas': 4000000000, 'maxPriorityFeePerGas': 3000000000, 'to': '0xec4E8b905308db1aE103AA9c49A55195eF4fBE29', 'data': '0x6a761202000000000000000000000000a238cbeb142c10ef7ad8442c6d1f9e89e07e77610000000000000000000000000000000000000000000000000000000000000000000000000000000000000000000000000000000000000000000000000000014000000000000000000000000000000000000000000000000000000000000000010000000000000000000000000000000000000000000000000000000000000000000000000000000000000000000000000000000000000000000000000000000000000000000000000000000000000000000000000000000000000000000000000000000000000000000000000000000000000000000000000000000000000000000000000000000000000000000000000000000000000000000000000000000000000000000000000000000000000000000000000000000000000000000002e000000000000000000000000000000000000000000000000000000000000001648d80ff0a0000000000000000000000000000000000000000000000000000000000000020000000000000000000000000000000000000000000000000000000000000011200e91d153e0b41518a2ce8dd3d7944fa863463a97d00000000000000000000000000000000000000000000000000000000000000000000000000000000000000000000000000000000000000000000000000000044095ea7b3000000000000000000000000bcf253651cfb56355a56aaed5c7cfbaf25dd04db00000000000000000000000000000000000000000000000000000000000000c800bcf253651cfb56355a56aaed5c7cfbaf25dd04db000000000000000000000000000000000000000000000000000000000000000000000000000000000000000000000000000000000000000000000000000000240d61b51900000000000000000000000000000000000000000000000000000000000000010000000000000000000000000000000000000000000000000000000000000000000000000000000000000000000000000000000000000000000000000000000000000000000000000104c7b1b6f22ef5ebd9f8f1cbf0ff96cdf18f37be248a7d5eed66eeff48cb78e32f6d95aad39c05e1debf4264983d930e53911885d677df1fa6b68990990532baa41cd4493e11e936043586c6a0dcff53181e58695289ab09724f5f86a527637eaed81ff5282d345efcb4959041ee17ad83494233e581af64d80a68ce9714ff2ce2461c149a50bf55d47334fe1e8d2492dc528d6799b1de68116625298012482f056dc11e31c4b444ea6600ecd7b411ed53fa1d00fc5a84921ab21590167e4d59de59771c4b4ff2e91641a4ced73ecadf0a5f6f0474cbd51b6d7be0c1251e14b6892444106de5d7b1d7aea7b45b8a5666a1581433899a14e1d4feae9d1e7270eee92f98251c00000000000000000000000000000000000000000000000000000000', 'nonce': 9}...
[2024-07-31 05:50:31,700] [INFO] [agent] Received signature response: Message(sender=decision_maker,to=valory/learning_chained_abci:0.1.0,dialogue_reference=('100728c3cdcd2337729797c7c40ab48bda6745ec45c5fb42c6bff8b75f9b083e', 'edcbf5e410f68ad7728098b08538a706b29a1c948ef38b75dac6835ee2eb17d8'),message_id=-1,performative=signed_transaction,signed_transaction=SignedTransaction: ledger_id=ethereum, body={'raw_transaction': '0x02f90491640984b2d05e0084ee6b280083027fa594ec4e8b905308db1ae103aa9c49a55195ef4fbe2980b904246a761202000000000000000000000000a238cbeb142c10ef7ad8442c6d1f9e89e07e776100000000000000000000000000000000000000000000000000000000000000000000000000000000000000000000000000000000000000000000000000000140000000000000000000000000000000000000000000000000000000000000000100000000000000000000000000000000000000000000000000000000000000000000000000000000000000000000000000000000000000000000000000000000000000000000000000000000000000000000000000000000000,target=1)
 Sending transaction...
[2024-07-31 05:50:32,486] [INFO] [agent] Transaction sent! Received transaction digest: 0x161efdf956de7cdf45938e8b72bdbb375298bf1b2035278d0d9e3c86deafe649
[2024-07-31 05:50:32,487] [INFO] [agent] Detected gas strategy: eip
[2024-07-31 05:50:32,487] [INFO] [agent] Sent transaction for mining with gas parameters {'maxPriorityFeePerGas': 3000000000, 'maxFeePerGas': 4000000000}
[2024-07-31 05:50:32,488] [INFO] [agent] Finalization tx digest: 0x161efdf956de7cdf45938e8b72bdbb375298bf1b2035278d0d9e3c86deafe649
[2024-07-31 05:50:33,272] [INFO] [agent] 'finalization_round' round is done with event: Event.DONE
[2024-07-31 05:50:33,272] [INFO] [agent] Entered in the 'validate_transaction_round' round for period 0
[2024-07-31 05:50:33,279] [INFO] [agent] Entered in the 'validate_transaction_behaviour' behaviour
[2024-07-31 05:50:41,084] [INFO] Trying to get transaction and receipt from hash 0x161efdf956de7cdf45938e8b72bdbb375298bf1b2035278d0d9e3c86deafe649
[2024-07-31 05:50:41,936] [INFO] Received transaction: AttributeDict({'blockHash': HexBytes('0x0757cc3d1b5e063b6c60b7255226b8f24daadf4a7190b2ae3fd4a6535cdbc06c'), 'blockNumber': 35229554, 'transactionIndex': 0, 'hash': HexBytes('0x161efdf956de7cdf45938e8b72bdbb375298bf1b2035278d0d9e3c86deafe649'), 'from': '0x36A6DdCAcb10f495d9c61005C216247Ef9ADfe61', 'to': '0xec4E8b905308db1aE103AA9c49A55195eF4fBE29', 'input': HexBytes('0x6a761202000000000000000000000000a238cbeb142c10ef7ad8442c6d1f9e89e07e77610000000000000000000000000000000000000000000000000000000000000000000000000000000000000000000000000000000000000000000000000000014000000000000000000000000000000000000000000000000000000000000000010000000000000000000000000000000000000000000000000000000000000000000000000000000000000000000000000000000000000000000000000000000000000000000000000000000000000000000000000000000000000000000000000000000000000000000000000000000000000000000000000000000000000000000000000000000000000000000000000000000000000000000000000000000000000000000000000000000000000000000000000000000000000000000002e000000000000000000000000000000000000000000000000000000000000001648d80ff0a0000000000000000000000000000000000000000000000000000000000000020000000000000000000000000000000000000000000000000000000000000011200e91d153e0b41518a2ce8dd3d7944fa863463a97d00000000000000000000000000000000000000000000000000000000000000000000000000000000000000000000000000000000000000000000000000000044095ea7b3000000000000000000000000bcf253651cfb56355a56aaed5c7cfbaf25dd04db00000000000000000000000000000000000000000000000000000000000000c800bcf253651cfb56355a56aaed5c7cfbaf25dd04db000000000000000000000000000000000000000000000000000000000000000000000000000000000000000000000000000000000000000000000000000000240d61b51900000000000000000000000000000000000000000000000000000000000000010000000000000000000000000000000000000000000000000000000000000000000000000000000000000000000000000000000000000000000000000000000000000000000000000104c7b1b6f22ef5ebd9f8f1cbf0ff96cdf18f37be248a7d5eed66eeff48cb78e32f6d95aad39c05e1debf4264983d930e53911885d677df1fa6b68990990532baa41cd4493e11e936043586c6a0dcff53181e58695289ab09724f5f86a527637eaed81ff5282d345efcb4959041ee17ad83494233e581af64d80a68ce9714ff2ce2461c149a50bf55d47334fe1e8d2492dc528d6799b1de68116625298012482f056dc11e31c4b444ea6600ecd7b411ed53fa1d00fc5a84921ab21590167e4d59de59771c4b4ff2e91641a4ced73ecadf0a5f6f0474cbd51b6d7be0c1251e14b6892444106de5d7b1d7aea7b45b8a5666a1581433899a14e1d4feae9d1e7270eee92f98251c00000000000000000000000000000000000000000000000000000000'), 'nonce': 9, 'value': 0, 'gas': 163749, 'gasPrice': 4000000000, 'maxPriorityFeePerGas': 3000000000, 'maxFeePerGas': 4000000000, 'accessList': [], 'chainId': 100, 'type': 2, 'v': 0, 'r': HexBytes('0x7945c69154617ecaf1774f757d324255521abc082db8526e6e91d385e298f214'), 's': HexBytes('0x4dc16d190f81d53df7d4d8d57a1459830cdaac51127b7af71a7774355cf32d9c')}), with receipt: {'type': 2, 'status': 1, 'cumulativeGasUsed': 141763, 'logsBloom': '0x00000000400000000000000108000000000000080000000010000000040000000000000000202000000000000000000000000000000000000000010000200000000000000000000000000008000000000008040000000000000000000000000000000000000000000000000000000000000000000000000000000210080000000000000000000004000000000000000000000000000008000000000000000000020000000400000000010000000004000000000000000800000000000000000000000002000000000000000000020040000000000000000000000000000000000010000000000000000000000000000000000000000000000000000000000000', 'logs': [{'address': '0xec4E8b905308db1aE103AA9c49A55195eF4fBE29', 'topics': ['0x66753cd2356569ee081232e3be8909b950e0a76c1f8460c3a5e3c2be32b11bed'], 'data': '0x000000000000000000000000a238cbeb142c10ef7ad8442c6d1f9e89e07e7761000000000000000000000000000000000000000000000000000000000000000000000000000000000000000000000000000000000000000000000000000001600000000000000000000000000000000000000000000000000000000000000001000000000000000000000000000000000000000000000000000000000000000000000000000000000000000000000000000000000000000000000000000000000000000000000000000000000000000000000000000000000000000000000000000000000000000000000000000000000000000000000000000000000000000000000000000000000000000000000000000000000000000000000000000000000000000000000000000000000000000000000000000000000000000000000300000000000000000000000000000000000000000000000000000000000000044000000000000000000000000000000000000000000000000000000000000001648d80ff0a0000000000000000000000000000000000000000000000000000000000000020000000000000000000000000000000000000000000000000000000000000011200e91d153e0b41518a2ce8dd3d7944fa863463a97d00000000000000000000000000000000000000000000000000000000000000000000000000000000000000000000000000000000000000000000000000000044095ea7b3000000000000000000000000bcf253651cfb56355a56aaed5c7cfbaf25dd04db00000000000000000000000000000000000000000000000000000000000000c800bcf253651cfb56355a56aaed5c7cfbaf25dd04db000000000000000000000000000000000000000000000000000000000000000000000000000000000000000000000000000000000000000000000000000000240d61b51900000000000000000000000000000000000000000000000000000000000000010000000000000000000000000000000000000000000000000000000000000000000000000000000000000000000000000000000000000000000000000000000000000000000000000104c7b1b6f22ef5ebd9f8f1cbf0ff96cdf18f37be248a7d5eed66eeff48cb78e32f6d95aad39c05e1debf4264983d930e53911885d677df1fa6b68990990532baa41cd4493e11e936043586c6a0dcff53181e58695289ab09724f5f86a527637eaed81ff5282d345efcb4959041ee17ad83494233e581af64d80a68ce9714ff2ce2461c149a50bf55d47334fe1e8d2492dc528d6799b1de68116625298012482f056dc11e31c4b444ea6600ecd7b411ed53fa1d00fc5a84921ab21590167e4d59de59771c4b4ff2e91641a4ced73ecadf0a5f6f0474cbd51b6d7be0c1251e14b6892444106de5d7b1d7aea7b45b8a5666a1581433899a14e1d4feae9d1e7270eee92f98251c000000000000000000000000000000000000000000000000000000000000000000000000000000000000000000000000000000000000000000000060000000000000000000000000000000000000000000000000000000000000000500000000000000000000000036a6ddcacb10f495d9c61005c216247ef9adfe610000000000000000000000000000000000000000000000000000000000000003', 'blockNumber': 35229554, 'transactionHash': '0x161efdf956de7cdf45938e8b72bdbb375298bf1b2035278d0d9e3c86deafe649', 'transactionIndex': 0, 'blockHash': '0x0757cc3d1b5e063b6c60b7255226b8f24daadf4a7190b2ae3fd4a6535cdbc06c', 'logIndex': 0, 'removed': False}, {'address': '0xe91D153E0b41518A2Ce8Dd3D7944Fa863463a97d', 'topics': ['0x8c5be1e5ebec7d5bd14f71427d1e84f3dd0314c0f7b2291e5b200ac8c7c3b925', '0x000000000000000000000000ec4e8b905308db1ae103aa9c49a55195ef4fbe29', '0x000000000000000000000000bcf253651cfb56355a56aaed5c7cfbaf25dd04db'], 'data': '0x00000000000000000000000000000000000000000000000000000000000000c8', 'blockNumber': 35229554, 'transactionHash': '0x161efdf956de7cdf45938e8b72bdbb375298bf1b2035278d0d9e3c86deafe649', 'transactionIndex': 0, 'blockHash': '0x0757cc3d1b5e063b6c60b7255226b8f24daadf4a7190b2ae3fd4a6535cdbc06c', 'logIndex': 1, 'removed': False}, {'address': '0xe91D153E0b41518A2Ce8Dd3D7944Fa863463a97d', 'topics': ['0xddf252ad1be2c89b69c2b068fc378daa952ba7f163c4a11628f55a4df523b3ef', '0x000000000000000000000000ec4e8b905308db1ae103aa9c49a55195ef4fbe29', '0x000000000000000000000000a2c152da86e5165727d9974c0c6b5157172a56bb'], 'data': '0x00000000000000000000000000000000000000000000000000000000000000c8', 'blockNumber': 35229554, 'transactionHash': '0x161efdf956de7cdf45938e8b72bdbb375298bf1b2035278d0d9e3c86deafe649', 'transactionIndex': 0, 'blockHash': '0x0757cc3d1b5e063b6c60b7255226b8f24daadf4a7190b2ae3fd4a6535cdbc06c', 'logIndex': 2, 'removed': False}, {'address': '0xec4E8b905308db1aE103AA9c49A55195eF4fBE29', 'topics': ['0x442e715f626346e8c54381002da614f62bee8d27386535b2521ec8540898556e'], 'data': '0xd6cd79e8321eecb0c0e6eb690924ca574d3521ae59c5434524d37c9414dc04f90000000000000000000000000000000000000000000000000000000000000000', 'blockNumber': 35229554, 'transactionHash': '0x161efdf956de7cdf45938e8b72bdbb375298bf1b2035278d0d9e3c86deafe649', 'transactionIndex': 0, 'blockHash': '0x0757cc3d1b5e063b6c60b7255226b8f24daadf4a7190b2ae3fd4a6535cdbc06c', 'logIndex': 3, 'removed': False}], 'transactionHash': '0x161efdf956de7cdf45938e8b72bdbb375298bf1b2035278d0d9e3c86deafe649', 'from': '0x36A6DdCAcb10f495d9c61005C216247Ef9ADfe61', 'to': '0xec4E8b905308db1aE103AA9c49A55195eF4fBE29', 'contractAddress': None, 'gasUsed': 141763, 'effectiveGasPrice': 4000000000, 'blockHash': '0x0757cc3d1b5e063b6c60b7255226b8f24daadf4a7190b2ae3fd4a6535cdbc06c', 'blockNumber': 35229554, 'transactionIndex': 0, 'blobGasUsed': 0}.
[2024-07-31 05:50:41,951] [INFO] [agent] Verified result: True
[2024-07-31 05:50:41,951] [INFO] [agent] Finalized with transaction hash: 0x161efdf956de7cdf45938e8b72bdbb375298bf1b2035278d0d9e3c86deafe649
[2024-07-31 05:50:42,638] [INFO] [agent] 'validate_transaction_round' round is done with event: Event.DONE
[2024-07-31 05:50:42,638] [INFO] [agent] Entered in the 'reset_and_pause_round' round for period 0
[2024-07-31 05:50:42,697] [INFO] [agent] Entered in the 'reset_and_pause_behaviour' behaviour
[2024-07-31 05:50:51,104] [INFO] [agent] Period end.
[2024-07-31 05:50:51,998] [INFO] [agent] 'reset_and_pause_round' round is done with event: Event.DONE
[2024-07-31 05:50:51,998] [INFO] [agent] Entered in the 'a_p_i_check_round' round for period 1
[2024-07-31 05:50:52,005] [INFO] [agent] Entered in the 'a_p_i_check_behaviour' behaviour
[2024-07-31 05:50:52,005] [INFO] [agent] 0xbcf253651cfb56355a56aaed5c7cfbaf25dd04db
[2024-07-31 05:50:52,954] [INFO] [agent] These are the proposals: Message(sender=valory/ledger:0.19.0,to=valory/learning_chained_abci:0.1.0,dialogue_reference=('9bd10124bde94caac127cdc06e1fab56230fe85fb5e583a347d30bce73bee8d5', '2462aa00eddfd917085e396ae4b46986a623657452768669373cade04e3e12d4'),message_id=-1,performative=state,state=State: ledger_id=ethereum, body={'data': [(0, '0xa2c152DA86e5165727D9974C0C6b5157172a56bb', 100, True, 1722403107), (1, '0xa2c152DA86e5165727D9974C0C6b5157172a56bb', 200, True, 1722404552)]},target=1)
[2024-07-31 05:50:53,956] [INFO] [agent] Successfully stored new_proposal.json to IPFS with hash: QmaVKY1v1pXPXY4eFVi2NSJiF8vWtrFPFXgfaTNQeSzXHy
[2024-07-31 05:50:53,957] [INFO] [agent] The IPFS hash is : QmaVKY1v1pXPXY4eFVi2NSJiF8vWtrFPFXgfaTNQeSzXHy
[2024-07-31 05:50:55,989] [INFO] [agent] 'a_p_i_check_round' round is done with event: Event.DONE
[2024-07-31 05:50:55,993] [INFO] [agent] Entered in the 'decision_making_round' round for period 1
[2024-07-31 05:50:56,002] [INFO] [agent] Entered in the 'decision_making_behaviour' behaviour
[2024-07-31 05:50:56,695] [INFO] [agent] Retrieved 1 objects from ipfs.
[2024-07-31 05:50:57,670] [INFO] [agent] Proposals are: Message(sender=valory/ledger:0.19.0,to=valory/learning_chained_abci:0.1.0,dialogue_reference=('941d705511e140f2909af601b4388dedc5abb37ce8dff880e648948e116851d8', '61d7c1cd7a9aa71809242429c9831888ef153b04af829df3e31e80e27c19c96d'),message_id=-1,performative=state,state=State: ledger_id=ethereum, body={'data': [(0, '0xa2c152DA86e5165727D9974C0C6b5157172a56bb', 100, True, 1722403107), (1, '0xa2c152DA86e5165727D9974C0C6b5157172a56bb', 200, True, 1722404552)]},target=1)
[2024-07-31 05:50:57,670] [INFO] [agent] Maximum amount: 10000 , Minimum amount 10
[2024-07-31 05:50:57,670] [INFO] [agent] Proposal amount: 100
[2024-07-31 05:50:57,673] [INFO] [agent] Proposal amount: 200
[2024-07-31 05:50:57,673] [INFO] [agent] No unexecuted proposals within the range; deciding to HOLD
[2024-07-31 05:50:57,674] [INFO] [agent] DECISION MADE: done
[2024-07-31 05:50:58,652] [INFO] [agent] 'decision_making_round' round is done with event: Event.DONE
[2024-07-31 05:50:58,653] [INFO] [agent] Entered in the 'reset_and_pause_round' round for period 1
[2024-07-31 05:50:58,677] [INFO] [agent] Entered in the 'reset_and_pause_behaviour' behaviour
[2024-07-31 05:51:07,043] [INFO] [agent] Period end.
[2024-07-31 05:51:08,384] [INFO] [agent] 'reset_and_pause_round' round is done with event: Event.DONE
[2024-07-31 05:51:08,384] [INFO] [agent] Entered in the 'a_p_i_check_round' round for period 2
[2024-07-31 05:51:08,387] [INFO] [agent] Entered in the 'a_p_i_check_behaviour' behaviour
[2024-07-31 05:51:08,392] [INFO] [agent] 0xbcf253651cfb56355a56aaed5c7cfbaf25dd04db
[2024-07-31 05:51:09,370] [INFO] [agent] These are the proposals: Message(sender=valory/ledger:0.19.0,to=valory/learning_chained_abci:0.1.0,dialogue_reference=('5c30c73dae480d7582624f06ade74ff01505b2f62b45d31718f7075facc992f3', '30dd0ae76269b8fa5249b1a82bd1b12877af5266d7cbbbfffce295c4f3e49b88'),message_id=-1,performative=state,state=State: ledger_id=ethereum, body={'data': [(0, '0xa2c152DA86e5165727D9974C0C6b5157172a56bb', 100, True, 1722403107), (1, '0xa2c152DA86e5165727D9974C0C6b5157172a56bb', 200, True, 1722404552)]},target=1)
[2024-07-31 05:51:10,817] [INFO] [agent] Successfully stored new_proposal.json to IPFS with hash: QmaVKY1v1pXPXY4eFVi2NSJiF8vWtrFPFXgfaTNQeSzXHy
[2024-07-31 05:51:10,817] [INFO] [agent] The IPFS hash is : QmaVKY1v1pXPXY4eFVi2NSJiF8vWtrFPFXgfaTNQeSzXHy
[2024-07-31 05:51:12,271] [INFO] [agent] 'a_p_i_check_round' round is done with event: Event.DONE
[2024-07-31 05:51:12,272] [INFO] [agent] Entered in the 'decision_making_round' round for period 2
[2024-07-31 05:51:12,278] [INFO] [agent] Entered in the 'decision_making_behaviour' behaviour
[2024-07-31 05:51:12,946] [INFO] [agent] Retrieved 1 objects from ipfs.
[2024-07-31 05:51:13,970] [INFO] [agent] Proposals are: Message(sender=valory/ledger:0.19.0,to=valory/learning_chained_abci:0.1.0,dialogue_reference=('0ce2e95a0a3e912c23410454df214e6e3a9e59ca9fd32445c29defa76329a868', '0dd88c99288a01d6ad15430988bf096db05babc24d41aba0ddaac4d8a2421ffc'),message_id=-1,performative=state,state=State: ledger_id=ethereum, body={'data': [(0, '0xa2c152DA86e5165727D9974C0C6b5157172a56bb', 100, True, 1722403107), (1, '0xa2c152DA86e5165727D9974C0C6b5157172a56bb', 200, True, 1722404552)]},target=1)
[2024-07-31 05:51:13,970] [INFO] [agent] Maximum amount: 10000 , Minimum amount 10
[2024-07-31 05:51:13,970] [INFO] [agent] Proposal amount: 100
[2024-07-31 05:51:13,970] [INFO] [agent] Proposal amount: 200
[2024-07-31 05:51:13,970] [INFO] [agent] No unexecuted proposals within the range; deciding to HOLD
[2024-07-31 05:51:13,971] [INFO] [agent] DECISION MADE: done
[2024-07-31 05:51:15,045] [INFO] [agent] 'decision_making_round' round is done with event: Event.DONE
[2024-07-31 05:51:15,045] [INFO] [agent] Entered in the 'reset_and_pause_round' round for period 2
[2024-07-31 05:51:15,051] [INFO] [agent] Entered in the 'reset_and_pause_behaviour' behaviour
[2024-07-31 05:51:23,371] [INFO] [agent] Period end.
[2024-07-31 05:51:24,547] [INFO] [agent] 'reset_and_pause_round' round is done with event: Event.DONE
[2024-07-31 05:51:24,547] [INFO] [agent] Entered in the 'a_p_i_check_round' round for period 3
[2024-07-31 05:51:24,564] [INFO] [agent] Entered in the 'a_p_i_check_behaviour' behaviour
[2024-07-31 05:51:24,564] [INFO] [agent] 0xbcf253651cfb56355a56aaed5c7cfbaf25dd04db
[2024-07-31 05:51:25,549] [INFO] [agent] These are the proposals: Message(sender=valory/ledger:0.19.0,to=valory/learning_chained_abci:0.1.0,dialogue_reference=('858124d7c4db5edf3c7d9c0bd8725ed55aa968410cabe45f188ceced876d7fb9', '3e86ceb934b4f52eda37e31c51d1b94e28bf9d868bde12d67846042ecb587bfa'),message_id=-1,performative=state,state=State: ledger_id=ethereum, body={'data': [(0, '0xa2c152DA86e5165727D9974C0C6b5157172a56bb', 100, True, 1722403107), (1, '0xa2c152DA86e5165727D9974C0C6b5157172a56bb', 200, True, 1722404552)]},target=1)
[2024-07-31 05:51:26,960] [INFO] [agent] Successfully stored new_proposal.json to IPFS with hash: QmaVKY1v1pXPXY4eFVi2NSJiF8vWtrFPFXgfaTNQeSzXHy
[2024-07-31 05:51:26,962] [INFO] [agent] The IPFS hash is : QmaVKY1v1pXPXY4eFVi2NSJiF8vWtrFPFXgfaTNQeSzXHy
[2024-07-31 05:51:28,782] [INFO] [agent] 'a_p_i_check_round' round is done with event: Event.DONE
[2024-07-31 05:51:28,782] [INFO] [agent] Entered in the 'decision_making_round' round for period 3
[2024-07-31 05:51:28,785] [INFO] [agent] Entered in the 'decision_making_behaviour' behaviour
[2024-07-31 05:51:29,528] [INFO] [agent] Retrieved 1 objects from ipfs.
[2024-07-31 05:51:30,523] [INFO] [agent] Proposals are: Message(sender=valory/ledger:0.19.0,to=valory/learning_chained_abci:0.1.0,dialogue_reference=('f100ca2a9065943141a2d7983222679dbddb4872e01d16ead7e0aa1ef7b5becd', '6f2384d0139187aed12af47d8bc0e8ba4670e1f8e639a96917ab2a4231f7d350'),message_id=-1,performative=state,state=State: ledger_id=ethereum, body={'data': [(0, '0xa2c152DA86e5165727D9974C0C6b5157172a56bb', 100, True, 1722403107), (1, '0xa2c152DA86e5165727D9974C0C6b5157172a56bb', 200, True, 1722404552)]},target=1)
[2024-07-31 05:51:30,523] [INFO] [agent] Maximum amount: 10000 , Minimum amount 10
[2024-07-31 05:51:30,523] [INFO] [agent] Proposal amount: 100
[2024-07-31 05:51:30,523] [INFO] [agent] Proposal amount: 200
[2024-07-31 05:51:30,523] [INFO] [agent] No unexecuted proposals within the range; deciding to HOLD
[2024-07-31 05:51:30,523] [INFO] [agent] DECISION MADE: done
[2024-07-31 05:51:31,464] [INFO] [agent] 'decision_making_round' round is done with event: Event.DONE
[2024-07-31 05:51:31,465] [INFO] [agent] Entered in the 'reset_and_pause_round' round for period 3
[2024-07-31 05:51:31,470] [INFO] [agent] Entered in the 'reset_and_pause_behaviour' behaviour
[2024-07-31 05:51:39,780] [INFO] [agent] Period end.
[2024-07-31 05:51:40,795] [INFO] [agent] 'reset_and_pause_round' round is done with event: Event.DONE
[2024-07-31 05:51:40,797] [INFO] [agent] Entered in the 'a_p_i_check_round' round for period 4
[2024-07-31 05:51:40,810] [INFO] [agent] Entered in the 'a_p_i_check_behaviour' behaviour
[2024-07-31 05:51:40,810] [INFO] [agent] 0xbcf253651cfb56355a56aaed5c7cfbaf25dd04db
[2024-07-31 05:51:41,837] [INFO] [agent] These are the proposals: Message(sender=valory/ledger:0.19.0,to=valory/learning_chained_abci:0.1.0,dialogue_reference=('86f9c8f6bdf1e682c0fcbcc0a0c7ad126c73f64046c898c2042aead737d0e384', '3ca1093b11010cdc2212f92005f4cb15bb7c8e990ba0c77971212292f852ed7b'),message_id=-1,performative=state,state=State: ledger_id=ethereum, body={'data': [(0, '0xa2c152DA86e5165727D9974C0C6b5157172a56bb', 100, True, 1722403107), (1, '0xa2c152DA86e5165727D9974C0C6b5157172a56bb', 200, True, 1722404552)]},target=1)
[2024-07-31 05:51:42,748] [INFO] [agent] Successfully stored new_proposal.json to IPFS with hash: QmaVKY1v1pXPXY4eFVi2NSJiF8vWtrFPFXgfaTNQeSzXHy
[2024-07-31 05:51:42,748] [INFO] [agent] The IPFS hash is : QmaVKY1v1pXPXY4eFVi2NSJiF8vWtrFPFXgfaTNQeSzXHy
[2024-07-31 05:51:44,715] [INFO] [agent] 'a_p_i_check_round' round is done with event: Event.DONE
[2024-07-31 05:51:44,715] [INFO] [agent] Entered in the 'decision_making_round' round for period 4
[2024-07-31 05:51:44,722] [INFO] [agent] Entered in the 'decision_making_behaviour' behaviour
[2024-07-31 05:51:45,365] [INFO] [agent] Retrieved 1 objects from ipfs.
[2024-07-31 05:51:46,367] [INFO] [agent] Proposals are: Message(sender=valory/ledger:0.19.0,to=valory/learning_chained_abci:0.1.0,dialogue_reference=('df248385f59f17bf44495e64cda72bec68c3b2a6119ec21470c2a5ec2bdb77c4', '7fde56f5544524588611914263d9e386bca3fba45d38db56745afa272e4f7090'),message_id=-1,performative=state,state=State: ledger_id=ethereum, body={'data': [(0, '0xa2c152DA86e5165727D9974C0C6b5157172a56bb', 100, True, 1722403107), (1, '0xa2c152DA86e5165727D9974C0C6b5157172a56bb', 200, True, 1722404552)]},target=1)
[2024-07-31 05:51:46,368] [INFO] [agent] Maximum amount: 10000 , Minimum amount 10
[2024-07-31 05:51:46,369] [INFO] [agent] Proposal amount: 100
[2024-07-31 05:51:46,369] [INFO] [agent] Proposal amount: 200
[2024-07-31 05:51:46,370] [INFO] [agent] No unexecuted proposals within the range; deciding to HOLD
[2024-07-31 05:51:46,371] [INFO] [agent] DECISION MADE: done
[2024-07-31 05:51:47,799] [INFO] [agent] 'decision_making_round' round is done with event: Event.DONE
[2024-07-31 05:51:47,800] [INFO] [agent] Entered in the 'reset_and_pause_round' round for period 4
[2024-07-31 05:51:47,807] [INFO] [agent] Entered in the 'reset_and_pause_behaviour' behaviour
[2024-07-31 05:51:55,974] [INFO] [agent] Period end.
[2024-07-31 05:51:57,357] [INFO] [agent] 'reset_and_pause_round' round is done with event: Event.DONE
[2024-07-31 05:51:57,358] [INFO] [agent] Entered in the 'a_p_i_check_round' round for period 5
[2024-07-31 05:51:57,366] [INFO] [agent] Entered in the 'a_p_i_check_behaviour' behaviour
[2024-07-31 05:51:57,369] [INFO] [agent] 0xbcf253651cfb56355a56aaed5c7cfbaf25dd04db
[2024-07-31 05:51:58,389] [INFO] [agent] These are the proposals: Message(sender=valory/ledger:0.19.0,to=valory/learning_chained_abci:0.1.0,dialogue_reference=('2190d19987627106affaf3b389323f3f026691388028613bf1487f1ecda998a0', '12ca4de2a7d51998bce20ecb1cf9c08aae1c80f36ead0a7256cacac6bd9fb95f'),message_id=-1,performative=state,state=State: ledger_id=ethereum, body={'data': [(0, '0xa2c152DA86e5165727D9974C0C6b5157172a56bb', 100, True, 1722403107), (1, '0xa2c152DA86e5165727D9974C0C6b5157172a56bb', 200, True, 1722404552)]},target=1)
[2024-07-31 05:51:59,260] [INFO] [agent] Successfully stored new_proposal.json to IPFS with hash: QmaVKY1v1pXPXY4eFVi2NSJiF8vWtrFPFXgfaTNQeSzXHy
[2024-07-31 05:51:59,261] [INFO] [agent] The IPFS hash is : QmaVKY1v1pXPXY4eFVi2NSJiF8vWtrFPFXgfaTNQeSzXHy
[2024-07-31 05:52:01,304] [INFO] [agent] 'a_p_i_check_round' round is done with event: Event.DONE
[2024-07-31 05:52:01,304] [INFO] [agent] Entered in the 'decision_making_round' round for period 5
[2024-07-31 05:52:01,309] [INFO] [agent] Entered in the 'decision_making_behaviour' behaviour
[2024-07-31 05:52:01,931] [INFO] [agent] Retrieved 1 objects from ipfs.
[2024-07-31 05:52:02,919] [INFO] [agent] Proposals are: Message(sender=valory/ledger:0.19.0,to=valory/learning_chained_abci:0.1.0,dialogue_reference=('3bd402a56d413e6c252b8a138de5972583af76829815b692315c6d870b375375', 'c3648a80430a05c784d2cc860ba1b67277775941a9c2733c08a85517d7247392'),message_id=-1,performative=state,state=State: ledger_id=ethereum, body={'data': [(0, '0xa2c152DA86e5165727D9974C0C6b5157172a56bb', 100, True, 1722403107), (1, '0xa2c152DA86e5165727D9974C0C6b5157172a56bb', 200, True, 1722404552)]},target=1)
[2024-07-31 05:52:02,919] [INFO] [agent] Maximum amount: 10000 , Minimum amount 10
[2024-07-31 05:52:02,920] [INFO] [agent] Proposal amount: 100
[2024-07-31 05:52:02,920] [INFO] [agent] Proposal amount: 200
[2024-07-31 05:52:02,920] [INFO] [agent] No unexecuted proposals within the range; deciding to HOLD
[2024-07-31 05:52:02,920] [INFO] [agent] DECISION MADE: done
[2024-07-31 05:52:04,085] [INFO] [agent] 'decision_making_round' round is done with event: Event.DONE
[2024-07-31 05:52:04,086] [INFO] [agent] Entered in the 'reset_and_pause_round' round for period 5
[2024-07-31 05:52:04,089] [INFO] [agent] Entered in the 'reset_and_pause_behaviour' behaviour
[2024-07-31 05:52:12,389] [INFO] [agent] Period end.
[2024-07-31 05:52:13,506] [INFO] [agent] 'reset_and_pause_round' round is done with event: Event.DONE
[2024-07-31 05:52:13,506] [INFO] [agent] Entered in the 'a_p_i_check_round' round for period 6
[2024-07-31 05:52:13,518] [INFO] [agent] Entered in the 'a_p_i_check_behaviour' behaviour
[2024-07-31 05:52:13,518] [INFO] [agent] 0xbcf253651cfb56355a56aaed5c7cfbaf25dd04db
[2024-07-31 05:52:14,512] [INFO] [agent] These are the proposals: Message(sender=valory/ledger:0.19.0,to=valory/learning_chained_abci:0.1.0,dialogue_reference=('2cf769a2b85e83d709cf444fd8d2c012fed2f7d8c92260e2bafbaeb15b80296c', 'c43428c88d6b6c3e8e7530427547420e275b4e613eaa0db994dede2137dc7330'),message_id=-1,performative=state,state=State: ledger_id=ethereum, body={'data': [(0, '0xa2c152DA86e5165727D9974C0C6b5157172a56bb', 100, True, 1722403107), (1, '0xa2c152DA86e5165727D9974C0C6b5157172a56bb', 200, True, 1722404552)]},target=1)
[2024-07-31 05:52:15,400] [INFO] [agent] Successfully stored new_proposal.json to IPFS with hash: QmaVKY1v1pXPXY4eFVi2NSJiF8vWtrFPFXgfaTNQeSzXHy
[2024-07-31 05:52:15,400] [INFO] [agent] The IPFS hash is : QmaVKY1v1pXPXY4eFVi2NSJiF8vWtrFPFXgfaTNQeSzXHy
[2024-07-31 05:52:17,673] [INFO] [agent] 'a_p_i_check_round' round is done with event: Event.DONE
[2024-07-31 05:52:17,673] [INFO] [agent] Entered in the 'decision_making_round' round for period 6
[2024-07-31 05:52:17,688] [INFO] [agent] Entered in the 'decision_making_behaviour' behaviour
[2024-07-31 05:52:18,444] [INFO] [agent] Retrieved 1 objects from ipfs.
[2024-07-31 05:52:19,459] [INFO] [agent] Proposals are: Message(sender=valory/ledger:0.19.0,to=valory/learning_chained_abci:0.1.0,dialogue_reference=('2fd0195e4bb348b897e38ad87a3272acb550fbc9005d00eee68e7e7f78566514', '88de6c5c36eab63a92b87c2fb02ea302fec0eba81da9901f8b7183052ccaa219'),message_id=-1,performative=state,state=State: ledger_id=ethereum, body={'data': [(0, '0xa2c152DA86e5165727D9974C0C6b5157172a56bb', 100, True, 1722403107), (1, '0xa2c152DA86e5165727D9974C0C6b5157172a56bb', 200, True, 1722404552)]},target=1)
[2024-07-31 05:52:19,459] [INFO] [agent] Maximum amount: 10000 , Minimum amount 10
[2024-07-31 05:52:19,459] [INFO] [agent] Proposal amount: 100
[2024-07-31 05:52:19,459] [INFO] [agent] Proposal amount: 200
[2024-07-31 05:52:19,459] [INFO] [agent] No unexecuted proposals within the range; deciding to HOLD
[2024-07-31 05:52:19,459] [INFO] [agent] DECISION MADE: done
[2024-07-31 05:52:20,209] [INFO] [agent] 'decision_making_round' round is done with event: Event.DONE
[2024-07-31 05:52:20,209] [INFO] [agent] Entered in the 'reset_and_pause_round' round for period 6
[2024-07-31 05:52:20,215] [INFO] [agent] Entered in the 'reset_and_pause_behaviour' behaviour
[2024-07-31 05:52:28,677] [INFO] [agent] Period end.
[2024-07-31 05:52:29,707] [INFO] [agent] 'reset_and_pause_round' round is done with event: Event.DONE
[2024-07-31 05:52:29,708] [INFO] [agent] Entered in the 'a_p_i_check_round' round for period 7
[2024-07-31 05:52:29,712] [INFO] [agent] Entered in the 'a_p_i_check_behaviour' behaviour
[2024-07-31 05:52:29,713] [INFO] [agent] 0xbcf253651cfb56355a56aaed5c7cfbaf25dd04db
[2024-07-31 05:52:30,711] [INFO] [agent] These are the proposals: Message(sender=valory/ledger:0.19.0,to=valory/learning_chained_abci:0.1.0,dialogue_reference=('c4e39ff7f3bf629e866bb8789a7d3a6728bcd66274d86001984d4d9b4475736b', '45b9f0247bf3db0169426044b023a48dcf4e00b443b54f3f0650fd725b47056c'),message_id=-1,performative=state,state=State: ledger_id=ethereum, body={'data': [(0, '0xa2c152DA86e5165727D9974C0C6b5157172a56bb', 100, True, 1722403107), (1, '0xa2c152DA86e5165727D9974C0C6b5157172a56bb', 200, True, 1722404552)]},target=1)
[2024-07-31 05:52:31,732] [INFO] [agent] Successfully stored new_proposal.json to IPFS with hash: QmaVKY1v1pXPXY4eFVi2NSJiF8vWtrFPFXgfaTNQeSzXHy
[2024-07-31 05:52:31,732] [INFO] [agent] The IPFS hash is : QmaVKY1v1pXPXY4eFVi2NSJiF8vWtrFPFXgfaTNQeSzXHy
[2024-07-31 05:52:33,641] [INFO] [agent] 'a_p_i_check_round' round is done with event: Event.DONE
[2024-07-31 05:52:33,642] [INFO] [agent] Entered in the 'decision_making_round' round for period 7
[2024-07-31 05:52:33,647] [INFO] [agent] Entered in the 'decision_making_behaviour' behaviour
[2024-07-31 05:52:34,464] [INFO] [agent] Retrieved 1 objects from ipfs.
[2024-07-31 05:52:35,448] [INFO] [agent] Proposals are: Message(sender=valory/ledger:0.19.0,to=valory/learning_chained_abci:0.1.0,dialogue_reference=('8e039a32753d13687251a642c9694abb919cb7af67097ed344be344c123c346d', '3359567fe11f9ff6cb0c5964d8746ab87b3df56d3f4f375c709d2a8866fa70c1'),message_id=-1,performative=state,state=State: ledger_id=ethereum, body={'data': [(0, '0xa2c152DA86e5165727D9974C0C6b5157172a56bb', 100, True, 1722403107), (1, '0xa2c152DA86e5165727D9974C0C6b5157172a56bb', 200, True, 1722404552)]},target=1)
[2024-07-31 05:52:35,448] [INFO] [agent] Maximum amount: 10000 , Minimum amount 10
[2024-07-31 05:52:35,448] [INFO] [agent] Proposal amount: 100
[2024-07-31 05:52:35,448] [INFO] [agent] Proposal amount: 200
[2024-07-31 05:52:35,449] [INFO] [agent] No unexecuted proposals within the range; deciding to HOLD
[2024-07-31 05:52:35,449] [INFO] [agent] DECISION MADE: done
[2024-07-31 05:52:36,374] [INFO] [agent] 'decision_making_round' round is done with event: Event.DONE
[2024-07-31 05:52:36,377] [INFO] [agent] Entered in the 'reset_and_pause_round' round for period 7
[2024-07-31 05:52:36,384] [INFO] [agent] Entered in the 'reset_and_pause_behaviour' behaviour
[2024-07-31 05:52:44,723] [INFO] [agent] Period end.
[2024-07-31 05:52:46,023] [INFO] [agent] 'reset_and_pause_round' round is done with event: Event.DONE
[2024-07-31 05:52:46,024] [INFO] [agent] Entered in the 'a_p_i_check_round' round for period 8
[2024-07-31 05:52:46,034] [INFO] [agent] Entered in the 'a_p_i_check_behaviour' behaviour
[2024-07-31 05:52:46,036] [INFO] [agent] 0xbcf253651cfb56355a56aaed5c7cfbaf25dd04db
[2024-07-31 05:52:47,007] [INFO] [agent] These are the proposals: Message(sender=valory/ledger:0.19.0,to=valory/learning_chained_abci:0.1.0,dialogue_reference=('00cb2835c0f015d2acb76d1f9ef58991a1c52cde87daffddeff9668c12de4042', '6e3b81c107be26ba981174c780033b1f53cfe1dcea81e97c53d95315945e82cb'),message_id=-1,performative=state,state=State: ledger_id=ethereum, body={'data': [(0, '0xa2c152DA86e5165727D9974C0C6b5157172a56bb', 100, True, 1722403107), (1, '0xa2c152DA86e5165727D9974C0C6b5157172a56bb', 200, True, 1722404552)]},target=1)
[2024-07-31 05:52:47,977] [INFO] [agent] Successfully stored new_proposal.json to IPFS with hash: QmaVKY1v1pXPXY4eFVi2NSJiF8vWtrFPFXgfaTNQeSzXHy
[2024-07-31 05:52:47,977] [INFO] [agent] The IPFS hash is : QmaVKY1v1pXPXY4eFVi2NSJiF8vWtrFPFXgfaTNQeSzXHy
[2024-07-31 05:52:50,154] [INFO] [agent] 'a_p_i_check_round' round is done with event: Event.DONE
[2024-07-31 05:52:50,155] [INFO] [agent] Entered in the 'decision_making_round' round for period 8
[2024-07-31 05:52:50,180] [INFO] [agent] Entered in the 'decision_making_behaviour' behaviour
[2024-07-31 05:52:50,848] [INFO] [agent] Retrieved 1 objects from ipfs.
[2024-07-31 05:52:51,827] [INFO] [agent] Proposals are: Message(sender=valory/ledger:0.19.0,to=valory/learning_chained_abci:0.1.0,dialogue_reference=('92879c747f984f729bdf70eb10f45aa353328444f09142f19c562acb9ee339e0', '2fde2a92407f44d862fb26f2b37a1218d488c184768489f91f20adbdd7d282e1'),message_id=-1,performative=state,state=State: ledger_id=ethereum, body={'data': [(0, '0xa2c152DA86e5165727D9974C0C6b5157172a56bb', 100, True, 1722403107), (1, '0xa2c152DA86e5165727D9974C0C6b5157172a56bb', 200, True, 1722404552)]},target=1)
[2024-07-31 05:52:51,827] [INFO] [agent] Maximum amount: 10000 , Minimum amount 10
[2024-07-31 05:52:51,827] [INFO] [agent] Proposal amount: 100
[2024-07-31 05:52:51,828] [INFO] [agent] Proposal amount: 200
[2024-07-31 05:52:51,828] [INFO] [agent] No unexecuted proposals within the range; deciding to HOLD
[2024-07-31 05:52:51,828] [INFO] [agent] DECISION MADE: done
[2024-07-31 05:52:52,791] [INFO] [agent] 'decision_making_round' round is done with event: Event.DONE
[2024-07-31 05:52:52,792] [INFO] [agent] Entered in the 'reset_and_pause_round' round for period 8
[2024-07-31 05:52:52,795] [INFO] [agent] Entered in the 'reset_and_pause_behaviour' behaviour
[2024-07-31 05:53:01,111] [INFO] [agent] Period end.
[2024-07-31 05:53:02,373] [INFO] [agent] 'reset_and_pause_round' round is done with event: Event.DONE
[2024-07-31 05:53:02,374] [INFO] [agent] Entered in the 'a_p_i_check_round' round for period 9
[2024-07-31 05:53:02,381] [INFO] [agent] Entered in the 'a_p_i_check_behaviour' behaviour
[2024-07-31 05:53:02,382] [INFO] [agent] 0xbcf253651cfb56355a56aaed5c7cfbaf25dd04db
[2024-07-31 05:53:03,416] [INFO] [agent] These are the proposals: Message(sender=valory/ledger:0.19.0,to=valory/learning_chained_abci:0.1.0,dialogue_reference=('3e3544f640d84fd45b3e198c96b12685ab51a1578e3b01ed9f08a9713620162a', '1331416a66269aaeb64c88ca7bf83f40c04d8f927b539eac7a2404eca20cbc3d'),message_id=-1,performative=state,state=State: ledger_id=ethereum, body={'data': [(0, '0xa2c152DA86e5165727D9974C0C6b5157172a56bb', 100, True, 1722403107), (1, '0xa2c152DA86e5165727D9974C0C6b5157172a56bb', 200, True, 1722404552)]},target=1)
[2024-07-31 05:53:04,288] [INFO] [agent] Successfully stored new_proposal.json to IPFS with hash: QmaVKY1v1pXPXY4eFVi2NSJiF8vWtrFPFXgfaTNQeSzXHy
[2024-07-31 05:53:04,289] [INFO] [agent] The IPFS hash is : QmaVKY1v1pXPXY4eFVi2NSJiF8vWtrFPFXgfaTNQeSzXHy
[2024-07-31 05:53:06,253] [INFO] [agent] 'a_p_i_check_round' round is done with event: Event.DONE
[2024-07-31 05:53:06,254] [INFO] [agent] Entered in the 'decision_making_round' round for period 9
[2024-07-31 05:53:06,259] [INFO] [agent] Entered in the 'decision_making_behaviour' behaviour
[2024-07-31 05:53:06,968] [INFO] [agent] Retrieved 1 objects from ipfs.
[2024-07-31 05:53:07,938] [INFO] [agent] Proposals are: Message(sender=valory/ledger:0.19.0,to=valory/learning_chained_abci:0.1.0,dialogue_reference=('dce051bb1d1a1c10a5457b49f83d800b297c73892c433639f32c4e3d2b58a0d9', '96c0344d4a0475b2b7d929d5155050b5e054aa90f34a68cbf33a3c4af05dfc84'),message_id=-1,performative=state,state=State: ledger_id=ethereum, body={'data': [(0, '0xa2c152DA86e5165727D9974C0C6b5157172a56bb', 100, True, 1722403107), (1, '0xa2c152DA86e5165727D9974C0C6b5157172a56bb', 200, True, 1722404552)]},target=1)
[2024-07-31 05:53:07,938] [INFO] [agent] Maximum amount: 10000 , Minimum amount 10
[2024-07-31 05:53:07,938] [INFO] [agent] Proposal amount: 100
[2024-07-31 05:53:07,938] [INFO] [agent] Proposal amount: 200
[2024-07-31 05:53:07,938] [INFO] [agent] No unexecuted proposals within the range; deciding to HOLD
[2024-07-31 05:53:07,938] [INFO] [agent] DECISION MADE: done
[2024-07-31 05:53:09,002] [INFO] [agent] 'decision_making_round' round is done with event: Event.DONE
[2024-07-31 05:53:09,003] [INFO] [agent] Entered in the 'reset_and_pause_round' round for period 9
[2024-07-31 05:53:09,007] [INFO] [agent] Entered in the 'reset_and_pause_behaviour' behaviour
[2024-07-31 05:53:12,212] [INFO] [agent] Resetting tendermint node at end of period=9.
[2024-07-31 05:53:12,260] [INFO] [agent] connection at EOF, stop receiving loop.
[2024-07-31 05:53:12,260] [INFO] [agent] connection at EOF, stop receiving loop.
[2024-07-31 05:53:12,260] [INFO] [agent] connection at EOF, stop receiving loop.
[2024-07-31 05:53:12,261] [INFO] [agent] connection at EOF, stop receiving loop.
[2024-07-31 05:53:12,535] [INFO] [agent] Resetting tendermint node successful!
[2024-07-31 05:53:12,605] [ERROR] [agent] Tendermint not accepting transactions yet, trying again!
[2024-07-31 05:53:13,617] [INFO] [agent] local height == remote height == 0; continuing execution...
[2024-07-31 05:53:14,973] [INFO] [agent] Period end.
[2024-07-31 05:53:15,973] [INFO] [agent] 'reset_and_pause_round' round is done with event: Event.DONE
[2024-07-31 05:53:15,973] [INFO] [agent] Entered in the 'a_p_i_check_round' round for period 10
[2024-07-31 05:53:15,982] [INFO] [agent] Entered in the 'a_p_i_check_behaviour' behaviour
[2024-07-31 05:53:15,983] [INFO] [agent] 0xbcf253651cfb56355a56aaed5c7cfbaf25dd04db
[2024-07-31 05:53:16,963] [INFO] [agent] These are the proposals: Message(sender=valory/ledger:0.19.0,to=valory/learning_chained_abci:0.1.0,dialogue_reference=('500f21bb17a3e66e55135f1e936d84ad9df622e566d1dd6ae2723aa89feb6013', '8ce2b98643abcc7fabf86bb426f984389c067ec44b8ff741ad0e1f584897b753'),message_id=-1,performative=state,state=State: ledger_id=ethereum, body={'data': [(0, '0xa2c152DA86e5165727D9974C0C6b5157172a56bb', 100, True, 1722403107), (1, '0xa2c152DA86e5165727D9974C0C6b5157172a56bb', 200, True, 1722404552)]},target=1)
[2024-07-31 05:53:18,009] [INFO] [agent] Successfully stored new_proposal.json to IPFS with hash: QmaVKY1v1pXPXY4eFVi2NSJiF8vWtrFPFXgfaTNQeSzXHy
[2024-07-31 05:53:18,009] [INFO] [agent] The IPFS hash is : QmaVKY1v1pXPXY4eFVi2NSJiF8vWtrFPFXgfaTNQeSzXHy
[2024-07-31 05:53:20,096] [INFO] [agent] 'a_p_i_check_round' round is done with event: Event.DONE
[2024-07-31 05:53:20,096] [INFO] [agent] Entered in the 'decision_making_round' round for period 10
[2024-07-31 05:53:20,102] [INFO] [agent] Entered in the 'decision_making_behaviour' behaviour
[2024-07-31 05:53:20,773] [INFO] [agent] Retrieved 1 objects from ipfs.
[2024-07-31 05:53:21,733] [INFO] [agent] Proposals are: Message(sender=valory/ledger:0.19.0,to=valory/learning_chained_abci:0.1.0,dialogue_reference=('e9b2f1559ba9cc3c2ee5f805e8e85acf4ba893e495c32ab6f792c31646a3d1ea', '0b06117a1a972d16dc807d7df10aac829a3c444051de341061e392ba699388bb'),message_id=-1,performative=state,state=State: ledger_id=ethereum, body={'data': [(0, '0xa2c152DA86e5165727D9974C0C6b5157172a56bb', 100, True, 1722403107), (1, '0xa2c152DA86e5165727D9974C0C6b5157172a56bb', 200, True, 1722404552)]},target=1)
[2024-07-31 05:53:21,733] [INFO] [agent] Maximum amount: 10000 , Minimum amount 10
[2024-07-31 05:53:21,733] [INFO] [agent] Proposal amount: 100
[2024-07-31 05:53:21,734] [INFO] [agent] Proposal amount: 200
[2024-07-31 05:53:21,734] [INFO] [agent] No unexecuted proposals within the range; deciding to HOLD
[2024-07-31 05:53:21,734] [INFO] [agent] DECISION MADE: done
[2024-07-31 05:53:22,866] [INFO] [agent] 'decision_making_round' round is done with event: Event.DONE
[2024-07-31 05:53:22,866] [INFO] [agent] Entered in the 'reset_and_pause_round' round for period 10
[2024-07-31 05:53:22,869] [INFO] [agent] Entered in the 'reset_and_pause_behaviour' behaviour
[2024-07-31 05:53:31,157] [INFO] [agent] Period end.
[2024-07-31 05:53:32,353] [INFO] [agent] 'reset_and_pause_round' round is done with event: Event.DONE
[2024-07-31 05:53:32,353] [INFO] [agent] Entered in the 'a_p_i_check_round' round for period 11
[2024-07-31 05:53:32,358] [INFO] [agent] Entered in the 'a_p_i_check_behaviour' behaviour
[2024-07-31 05:53:32,358] [INFO] [agent] 0xbcf253651cfb56355a56aaed5c7cfbaf25dd04db
[2024-07-31 05:53:33,339] [INFO] [agent] These are the proposals: Message(sender=valory/ledger:0.19.0,to=valory/learning_chained_abci:0.1.0,dialogue_reference=('75c74e61411a8915a6ebac2d21c38e412d069c6017e4f997630f1edd1fb67e3e', '6a031ab080cdeee44b2be4ef8aaffb477dfea73b8cac5129c2c88c94c8cf1358'),message_id=-1,performative=state,state=State: ledger_id=ethereum, body={'data': [(0, '0xa2c152DA86e5165727D9974C0C6b5157172a56bb', 100, True, 1722403107), (1, '0xa2c152DA86e5165727D9974C0C6b5157172a56bb', 200, True, 1722404552)]},target=1)
[2024-07-31 05:53:34,412] [INFO] [agent] Successfully stored new_proposal.json to IPFS with hash: QmaVKY1v1pXPXY4eFVi2NSJiF8vWtrFPFXgfaTNQeSzXHy
[2024-07-31 05:53:34,412] [INFO] [agent] The IPFS hash is : QmaVKY1v1pXPXY4eFVi2NSJiF8vWtrFPFXgfaTNQeSzXHy
[2024-07-31 05:53:36,301] [INFO] [agent] 'a_p_i_check_round' round is done with event: Event.DONE
[2024-07-31 05:53:36,301] [INFO] [agent] Entered in the 'decision_making_round' round for period 11
[2024-07-31 05:53:36,304] [INFO] [agent] Entered in the 'decision_making_behaviour' behaviour
[2024-07-31 05:53:36,921] [INFO] [agent] Retrieved 1 objects from ipfs.
[2024-07-31 05:53:37,922] [INFO] [agent] Proposals are: Message(sender=valory/ledger:0.19.0,to=valory/learning_chained_abci:0.1.0,dialogue_reference=('e3b482c099b27d6b41bb7740dc5e7f972618c24d606f81e0bcc54c099c9aab6d', '2b300c53dca602cca81a484b823ef06d4467387406f986592eb980d18f8c09c2'),message_id=-1,performative=state,state=State: ledger_id=ethereum, body={'data': [(0, '0xa2c152DA86e5165727D9974C0C6b5157172a56bb', 100, True, 1722403107), (1, '0xa2c152DA86e5165727D9974C0C6b5157172a56bb', 200, True, 1722404552)]},target=1)
[2024-07-31 05:53:37,922] [INFO] [agent] Maximum amount: 10000 , Minimum amount 10
[2024-07-31 05:53:37,923] [INFO] [agent] Proposal amount: 100
[2024-07-31 05:53:37,923] [INFO] [agent] Proposal amount: 200
[2024-07-31 05:53:37,923] [INFO] [agent] No unexecuted proposals within the range; deciding to HOLD
[2024-07-31 05:53:37,923] [INFO] [agent] DECISION MADE: done
[2024-07-31 05:53:38,913] [INFO] [agent] 'decision_making_round' round is done with event: Event.DONE
[2024-07-31 05:53:38,914] [INFO] [agent] Entered in the 'reset_and_pause_round' round for period 11
[2024-07-31 05:53:38,921] [INFO] [agent] Entered in the 'reset_and_pause_behaviour' behaviour
[2024-07-31 05:53:47,317] [INFO] [agent] Period end.
[2024-07-31 05:53:48,430] [INFO] [agent] 'reset_and_pause_round' round is done with event: Event.DONE
[2024-07-31 05:53:48,430] [INFO] [agent] Entered in the 'a_p_i_check_round' round for period 12
[2024-07-31 05:53:48,435] [INFO] [agent] Entered in the 'a_p_i_check_behaviour' behaviour
[2024-07-31 05:53:48,436] [INFO] [agent] 0xbcf253651cfb56355a56aaed5c7cfbaf25dd04db
[2024-07-31 05:53:49,427] [INFO] [agent] These are the proposals: Message(sender=valory/ledger:0.19.0,to=valory/learning_chained_abci:0.1.0,dialogue_reference=('cb9f52ea265d6d82d2c7cc1f2bd6e0c4fe2f0dd95845c7885092351c705ed617', '278e23d3bac2b829e3488e5d03d526103fbbead38691ac14bf5582a103d06380'),message_id=-1,performative=state,state=State: ledger_id=ethereum, body={'data': [(0, '0xa2c152DA86e5165727D9974C0C6b5157172a56bb', 100, True, 1722403107), (1, '0xa2c152DA86e5165727D9974C0C6b5157172a56bb', 200, True, 1722404552)]},target=1)
[2024-07-31 05:53:50,562] [INFO] [agent] Successfully stored new_proposal.json to IPFS with hash: QmaVKY1v1pXPXY4eFVi2NSJiF8vWtrFPFXgfaTNQeSzXHy
[2024-07-31 05:53:50,563] [INFO] [agent] The IPFS hash is : QmaVKY1v1pXPXY4eFVi2NSJiF8vWtrFPFXgfaTNQeSzXHy
[2024-07-31 05:53:52,370] [INFO] [agent] 'a_p_i_check_round' round is done with event: Event.DONE
[2024-07-31 05:53:52,370] [INFO] [agent] Entered in the 'decision_making_round' round for period 12
[2024-07-31 05:53:52,377] [INFO] [agent] Entered in the 'decision_making_behaviour' behaviour
[2024-07-31 05:53:52,996] [INFO] [agent] Retrieved 1 objects from ipfs.
[2024-07-31 05:53:54,161] [INFO] [agent] Proposals are: Message(sender=valory/ledger:0.19.0,to=valory/learning_chained_abci:0.1.0,dialogue_reference=('6dec4b5f1832ca49236be9d126a2eb6dae99c5de47e11baa7edde4e4764db34f', 'd855ace56c93f688c58e56fd48ee2cf6a987cb2152f7e14a06a82716667bfcf5'),message_id=-1,performative=state,state=State: ledger_id=ethereum, body={'data': [(0, '0xa2c152DA86e5165727D9974C0C6b5157172a56bb', 100, True, 1722403107), (1, '0xa2c152DA86e5165727D9974C0C6b5157172a56bb', 200, True, 1722404552)]},target=1)
[2024-07-31 05:53:54,161] [INFO] [agent] Maximum amount: 10000 , Minimum amount 10
[2024-07-31 05:53:54,162] [INFO] [agent] Proposal amount: 100
[2024-07-31 05:53:54,162] [INFO] [agent] Proposal amount: 200
[2024-07-31 05:53:54,163] [INFO] [agent] No unexecuted proposals within the range; deciding to HOLD
[2024-07-31 05:53:54,163] [INFO] [agent] DECISION MADE: done
[2024-07-31 05:53:55,120] [INFO] [agent] 'decision_making_round' round is done with event: Event.DONE
[2024-07-31 05:53:55,121] [INFO] [agent] Entered in the 'reset_and_pause_round' round for period 12
[2024-07-31 05:53:55,129] [INFO] [agent] Entered in the 'reset_and_pause_behaviour' behaviour
[2024-07-31 05:54:03,532] [INFO] [agent] Period end.
[2024-07-31 05:54:04,588] [INFO] [agent] 'reset_and_pause_round' round is done with event: Event.DONE
[2024-07-31 05:54:04,589] [INFO] [agent] Entered in the 'a_p_i_check_round' round for period 13
[2024-07-31 05:54:04,600] [INFO] [agent] Entered in the 'a_p_i_check_behaviour' behaviour
[2024-07-31 05:54:04,600] [INFO] [agent] 0xbcf253651cfb56355a56aaed5c7cfbaf25dd04db
[2024-07-31 05:54:15,999] [INFO] [agent] These are the proposals: Message(sender=valory/ledger:0.19.0,to=valory/learning_chained_abci:0.1.0,code=500,data=b'',dialogue_reference=('1483f6cc958d65b33bf484f2735dc9248296756256c7a30ade2697cb9d94aa80', '29b750848005ba2b18e5a189b621eb38c6410254dc976ff38a33368bfdb0ee75'),message=Traceback (most recent call last):

  File "/usr/local/lib/python3.11/socket.py", line 962, in getaddrinfo
    for res in _socket.getaddrinfo(host, port, family, type, proto, flags):
               ^^^^^^^^^^^^^^^^^^^^^^^^^^^^^^^^^^^^^^^^^^^^^^^^^^^^^^^^^^^

socket.gaierror: [Errno -3] Temporary failure in name resolution


During handling of the above exception, another exception occurred:


Traceback (most recent call last):

  File "/usr/local/lib/python3.11/site-packages/urllib3/connection.py", line 186, in _new_conn
    raise NewConnectionError(

urllib3.exceptions.NewConnectionError: <ur,message_id=-1,performative=error,target=1)
[2024-07-31 05:54:16,001] [ERROR] [agent] <An error occurred during act of behaviour valory/learning_chained_abci:0.1.0/LearningChainedConsensusBehaviour:
Traceback (most recent call last):

  File "/usr/local/lib/python3.11/site-packages/aea/exceptions.py", line 106, in enforce
    raise exception_class(exception_text)

aea.exceptions.AEAEnforceError: 'state' content is not set.


During handling of the above exception, another exception occurred:


Traceback (most recent call last):

  File "/usr/local/lib/python3.11/site-packages/aea/skills/base.py", line 440, in act_wrapper
    raise AEAActException(

aea.exceptions.AEAActException: An error occurred during act of behaviour valory/learning_chained_abci:0.1.0/APICheckBehaviour:
Traceback (most recent call last):

  File "/root/agent/vendor/valory/protocols/contract_api/message.py", line 225, in state
    enforce(self.is_set("state"), "'state' content is not set.")

  File "/usr/local/lib/python3.11/site-packages/aea/exceptions.py", line 106, in enforce
    raise exception_class(exception_text)

aea.exceptions.AEAEnforceError: 'state' content is not set.

> raised during `<bound method Behaviour.act_wrapper of <behaviours.LearningChainedConsensusBehaviour object at 0x7f5713cfc510>>`
Traceback (most recent call last):
  File "/usr/local/lib/python3.11/site-packages/aea/skills/base.py", line 435, in act_wrapper
    self.act()
  File "/root/agent/vendor/valory/skills/abstract_round_abci/behaviour_utils.py", line 319, in act
    self.__handle_waiting_for_message()
  File "/root/agent/vendor/valory/skills/abstract_round_abci/behaviour_utils.py", line 355, in __handle_waiting_for_message
    self.__get_generator_act().send(self.__message)
  File "/root/agent/vendor/valory/skills/abstract_round_abci/behaviour_utils.py", line 732, in async_act_wrapper
    yield from self.async_act()
  File "/root/agent/vendor/valory/skills/learning_abci/behaviours.py", line 106, in async_act
    new_proposal = contract_response.state.body["data"]
                   ^^^^^^^^^^^^^^^^^^^^^^^
  File "/root/agent/vendor/valory/protocols/contract_api/message.py", line 225, in state
    enforce(self.is_set("state"), "'state' content is not set.")
  File "/usr/local/lib/python3.11/site-packages/aea/exceptions.py", line 106, in enforce
    raise exception_class(exception_text)
aea.exceptions.AEAEnforceError: 'state' content is not set.

During handling of the above exception, another exception occurred:

Traceback (most recent call last):
  File "/usr/local/lib/python3.11/site-packages/aea/skills/base.py", line 435, in act_wrapper
    self.act()
  File "/root/agent/vendor/valory/skills/abstract_round_abci/behaviours.py", line 376, in act
    self.current_behaviour.act_wrapper()
  File "/usr/local/lib/python3.11/site-packages/aea/skills/base.py", line 440, in act_wrapper
    raise AEAActException(
aea.exceptions.AEAActException: An error occurred during act of behaviour valory/learning_chained_abci:0.1.0/APICheckBehaviour:
Traceback (most recent call last):

  File "/root/agent/vendor/valory/protocols/contract_api/message.py", line 225, in state
    enforce(self.is_set("state"), "'state' content is not set.")

  File "/usr/local/lib/python3.11/site-packages/aea/exceptions.py", line 106, in enforce
    raise exception_class(exception_text)

aea.exceptions.AEAEnforceError: 'state' content is not set.


During handling of the above exception, another exception occurred:

Traceback (most recent call last):
  File "/usr/local/lib/python3.11/site-packages/aea/agent_loop.py", line 286, in _execution_control
    return fn(*(args or []), **(kwargs or {}))
           ^^^^^^^^^^^^^^^^^^^^^^^^^^^^^^^^^^^
  File "/usr/local/lib/python3.11/site-packages/aea/skills/base.py", line 440, in act_wrapper
    raise AEAActException(
aea.exceptions.AEAActException: An error occurred during act of behaviour valory/learning_chained_abci:0.1.0/LearningChainedConsensusBehaviour:
Traceback (most recent call last):

  File "/usr/local/lib/python3.11/site-packages/aea/exceptions.py", line 106, in enforce
    raise exception_class(exception_text)

aea.exceptions.AEAEnforceError: 'state' content is not set.


During handling of the above exception, another exception occurred:


Traceback (most recent call last):

  File "/usr/local/lib/python3.11/site-packages/aea/skills/base.py", line 440, in act_wrapper
    raise AEAActException(

aea.exceptions.AEAActException: An error occurred during act of behaviour valory/learning_chained_abci:0.1.0/APICheckBehaviour:
Traceback (most recent call last):

  File "/root/agent/vendor/valory/protocols/contract_api/message.py", line 225, in state
    enforce(self.is_set("state"), "'state' content is not set.")

  File "/usr/local/lib/python3.11/site-packages/aea/exceptions.py", line 106, in enforce
    raise exception_class(exception_text)

aea.exceptions.AEAEnforceError: 'state' content is not set.


[2024-07-31 05:54:16,008] [INFO] [agent] HTTP Client has shutdown on port: 8000.
[2024-07-31 05:54:16,008] [INFO] [agent] HTTP Server has shutdown on port: 8000.
[2024-07-31 05:54:16,616] [ERROR] [agent] Unhandled exception AttributeError: 'NoneType' object has no attribute 'put'
