[2024-07-31 05:49:53,452] [WARNING] [agent] The kwargs={'multisend_batch_size': 5, 'ipfs_address': 'https://gateway.autonolas.tech/ipfs/', 'service_endpoint_base': 'https://learning.staging.autonolas.tech/', 'coingecko_price_template': 'https://api.coingecko.com/api/v3/simple/price?ids=autonolas&vs_currencies=inr&x_cg_demo_api_key={api_key}', 'coingecko_api_key': 'CG-EXLYYH79KBhcWr1h6zoCWDPw', 'default_chain_id': 'gnosis', 'decision_threshold': 130} passed to params have not been set!
[2024-07-31 05:49:53,781] [INFO] [agent] HTTP Server has connected to port: 8000.
[2024-07-31 05:49:54,429] [INFO] [agent] Connecting to libp2p node acn.staging.autonolas.tech:9005. Attempt 1
[2024-07-31 05:50:06,264] [INFO] [agent] Successfully connected to libp2p node acn.staging.autonolas.tech:9005
[2024-07-31 05:50:06,270] [INFO] [agent] Entered in the 'registration_startup_round' round for period 0
[2024-07-31 05:50:06,272] [INFO] [agent] Start processing messages...
[2024-07-31 05:50:06,277] [INFO] [agent] Entered in the 'registration_startup_behaviour' behaviour
[2024-07-31 05:50:06,278] [INFO] [agent] Synchronizing with Tendermint...
[2024-07-31 05:50:09,561] [INFO] [agent] local height == remote == 1; Synchronization complete.
[2024-07-31 05:50:09,562] [INFO] [agent] Sharing Tendermint config on start-up?: False
[2024-07-31 05:50:11,069] [WARNING] [agent] Slashing has not been enabled!
[2024-07-31 05:50:11,070] [INFO] [agent] 'registration_startup_round' round is done with event: Event.DONE
[2024-07-31 05:50:11,071] [INFO] [agent] Entered in the 'a_p_i_check_round' round for period 0
[2024-07-31 05:50:11,073] [INFO] [agent] Entered in the 'a_p_i_check_behaviour' behaviour
[2024-07-31 05:50:11,074] [INFO] [agent] 0xbcf253651cfb56355a56aaed5c7cfbaf25dd04db
[2024-07-31 05:50:12,146] [INFO] [agent] These are the proposals: Message(sender=valory/ledger:0.19.0,to=valory/learning_chained_abci:0.1.0,dialogue_reference=('05388952a8399a56dd37f6fc19c110de8f8bdd0b5bbc8dd0cce8597b811cb684', '636243a0d6a0a64b521660bf132262616f33da1587b34e02b961b71892589574'),message_id=-1,performative=state,state=State: ledger_id=ethereum, body={'data': [(0, '0xa2c152DA86e5165727D9974C0C6b5157172a56bb', 100, True, 1722403107), (1, '0xa2c152DA86e5165727D9974C0C6b5157172a56bb', 200, False, 1722404552)]},target=1)
[2024-07-31 05:50:13,238] [INFO] [agent] Successfully stored new_proposal.json to IPFS with hash: QmayFX1xQZDEHX3Tq1PC3aazWXMmrchJ5Yr14xCajBBbFk
[2024-07-31 05:50:13,238] [INFO] [agent] The IPFS hash is : QmayFX1xQZDEHX3Tq1PC3aazWXMmrchJ5Yr14xCajBBbFk
[2024-07-31 05:50:15,194] [INFO] [agent] 'a_p_i_check_round' round is done with event: Event.DONE
[2024-07-31 05:50:15,195] [INFO] [agent] Entered in the 'decision_making_round' round for period 0
[2024-07-31 05:50:15,197] [INFO] [agent] Entered in the 'decision_making_behaviour' behaviour
[2024-07-31 05:50:15,809] [INFO] [agent] Retrieved 1 objects from ipfs.
[2024-07-31 05:50:16,810] [INFO] [agent] Proposals are: Message(sender=valory/ledger:0.19.0,to=valory/learning_chained_abci:0.1.0,dialogue_reference=('81ecf96b44b0cefae4300b59ec2e198c3b270e276d1a44f19d147b416384202d', '6f6132ce8639cee7964026f4493fe1c1e15da8a5a5469264014aa30fc27804b1'),message_id=-1,performative=state,state=State: ledger_id=ethereum, body={'data': [(0, '0xa2c152DA86e5165727D9974C0C6b5157172a56bb', 100, True, 1722403107), (1, '0xa2c152DA86e5165727D9974C0C6b5157172a56bb', 200, False, 1722404552)]},target=1)
[2024-07-31 05:50:16,810] [INFO] [agent] Maximum amount: 10000 , Minimum amount 10
[2024-07-31 05:50:16,810] [INFO] [agent] Proposal amount: 100
[2024-07-31 05:50:16,811] [INFO] [agent] Proposal amount: 200
[2024-07-31 05:50:16,811] [INFO] [agent] DECISION MADE: transact
[2024-07-31 05:50:18,048] [INFO] [agent] 'decision_making_round' round is done with event: Event.TRANSACT
[2024-07-31 05:50:18,049] [INFO] [agent] Entered in the 'tx_preparation_round' round for period 0
[2024-07-31 05:50:18,058] [INFO] [agent] Entered in the 'tx_preparation_behaviour' behaviour
[2024-07-31 05:50:18,060] [INFO] [agent] contract address:0xbcf253651cfb56355a56aaed5c7cfbaf25dd04db
[2024-07-31 05:50:18,060] [INFO] [agent] amount:200
[2024-07-31 05:50:18,128] [INFO] [agent] APPROVE TXN: Message(sender=valory/ledger:0.19.0,to=valory/learning_chained_abci:0.1.0,dialogue_reference=('39535abcd1217194c66c68ea9fcbfb9d9d1535988667f1717dab2022224fd68f', '01105d7d4fa3cd13a8c5108f12c5b012f89c8f803ebdd9e331f40cd0eadb171b'),message_id=-1,performative=state,state=State: ledger_id=ethereum, body={'data': '0x095ea7b3000000000000000000000000bcf253651cfb56355a56aaed5c7cfbaf25dd04db00000000000000000000000000000000000000000000000000000000000000c8'},target=1)
[2024-07-31 05:50:18,185] [INFO] [agent] EXECUTE TXN: Message(sender=valory/ledger:0.19.0,to=valory/learning_chained_abci:0.1.0,dialogue_reference=('2c9613df7d5a89a1b6fd3de6e8228a9093e8e8253232aac854c7c21a216219cc', '09a0c64230b3f3faf524e28f40ae6855b4b113e4651f626950de33a5265b3aa2'),message_id=-1,performative=state,state=State: ledger_id=ethereum, body={'data': '0x0d61b5190000000000000000000000000000000000000000000000000000000000000001'},target=1)
[2024-07-31 05:50:18,625] [INFO] [agent] PREPARED MULTISEND TXN: Message(sender=valory/ledger:0.19.0,to=valory/learning_chained_abci:0.1.0,dialogue_reference=('57a9428f64c57722a009d60617cf95f10f2533f853a4f3f584f69699e732a92d', 'f4804a3a37a297ebf8617ac095a65766e9ccff943423e8e74269fe2cf1c95d5f'),message_id=-1,performative=raw_transaction,raw_transaction=RawTransaction: ledger_id=ethereum, body={'data': '0x8d80ff0a0000000000000000000000000000000000000000000000000000000000000020000000000000000000000000000000000000000000000000000000000000011200e91d153e0b41518a2ce8dd3d7944fa863463a97d00000000000000000000000000000000000000000000000000000000000000000000000000000000000000000000000000000000000000000000000000000044095ea7b3000000000000000000000000bcf253651cfb56355a56aaed5c7cfbaf25dd04db00000000000000000000000000000000000000000000000000000000000000c800bcf253651cfb56355a56aaed5c7cfbaf25dd04db000000000000000000000000000000000000000000000000000000000000000,target=1)
[2024-07-31 05:50:18,625] [INFO] [agent] Preparing to call contract with the following parameters:
[2024-07-31 05:50:18,626] [INFO] [agent] Data: b'\x8d\x80\xff\n\x00\x00\x00\x00\x00\x00\x00\x00\x00\x00\x00\x00\x00\x00\x00\x00\x00\x00\x00\x00\x00\x00\x00\x00\x00\x00\x00\x00\x00\x00\x00 \x00\x00\x00\x00\x00\x00\x00\x00\x00\x00\x00\x00\x00\x00\x00\x00\x00\x00\x00\x00\x00\x00\x00\x00\x00\x00\x00\x00\x00\x00\x01\x12\x00\xe9\x1d\x15>\x0bAQ\x8a,\xe8\xdd=yD\xfa\x864c\xa9}\x00\x00\x00\x00\x00\x00\x00\x00\x00\x00\x00\x00\x00\x00\x00\x00\x00\x00\x00\x00\x00\x00\x00\x00\x00\x00\x00\x00\x00\x00\x00\x00\x00\x00\x00\x00\x00\x00\x00\x00\x00\x00\x00\x00\x00\x00\x00\x00\x00\x00\x00\x00\x00\x00\x00\x00\x00\x00\x00\x00\x00\x00\x00D\t^\xa7\xb3\x00\x00\x00\x00\x00\x00\x00\x00\x00\x00\x00\x00\xbc\xf2Se\x1c\xfbV5ZV\xaa\xed\\|\xfb\xaf%\xdd\x04\xdb\x00\x00\x00\x00\x00\x00\x00\x00\x00\x00\x00\x00\x00\x00\x00\x00\x00\x00\x00\x00\x00\x00\x00\x00\x00\x00\x00\x00\x00\x00\x00\xc8\x00\xbc\xf2Se\x1c\xfbV5ZV\xaa\xed\\|\xfb\xaf%\xdd\x04\xdb\x00\x00\x00\x00\x00\x00\x00\x00\x00\x00\x00\x00\x00\x00\x00\x00\x00\x00\x00\x00\x00\x00\x00\x00\x00\x00\x00\x00\x00\x00\x00\x00\x00\x00\x00\x00\x00\x00\x00\x00\x00\x00\x00\x00\x00\x00\x00\x00\x00\x00\x00\x00\x00\x00\x00\x00\x00\x00\x00\x00\x00\x00\x00$\ra\xb5\x19\x00\x00\x00\x00\x00\x00\x00\x00\x00\x00\x00\x00\x00\x00\x00\x00\x00\x00\x00\x00\x00\x00\x00\x00\x00\x00\x00\x00\x00\x00\x00\x01\x00\x00\x00\x00\x00\x00\x00\x00\x00\x00\x00\x00\x00\x00'
[2024-07-31 05:50:18,626] [INFO] [agent] To Address: 0xA238CBeb142c10Ef7Ad8442C6D1f9E89e07e7761
[2024-07-31 05:50:18,627] [INFO] [agent] Is Multisend: True
[2024-07-31 05:50:21,021] [INFO] [agent] RESPONSE:Message(sender=valory/ledger:0.19.0,to=valory/learning_chained_abci:0.1.0,dialogue_reference=('3a6efe745c38cc60fee2fcafc2d017ff12252be9e4243ca372874007ecc11d1d', '1fdd603e5a44352eae12210c064ac18eb85c1a7ba0e80862433d4c2cf18225a5'),message_id=-1,performative=state,state=State: ledger_id=ethereum, body={'tx_hash': '0xd6cd79e8321eecb0c0e6eb690924ca574d3521ae59c5434524d37c9414dc04f9'},target=1)
[2024-07-31 05:50:21,021] [INFO] [agent] MULTISEND TRANSACTIONS: d6cd79e8321eecb0c0e6eb690924ca574d3521ae59c5434524d37c9414dc04f9000000000000000000000000000000000000000000000000000000000000000000000000000000000000000000000000000000000000000000000000000000000xA238CBeb142c10Ef7Ad8442C6D1f9E89e07e776101000000000000000000000000000000000000000000000000000000000000000000000000000000000000000000000000000000000000000000000000000000000x00000000000000000000000000000000000000000x00000000000000000000000000000000000000000000000000000000000000000000000000000000000000000000000000000000000000000000000000000000000000000000000000000000000000000000000000000000000000000000000000000000000000000000000000000000000000008d80ff0a0000000000000000000000000000000000000000000000000000000000000020000000000000000000000000000000000000000000000000000000000000011200e91d153e0b41518a2ce8dd3d7944fa863463a97d00000000000000000000000000000000000000000000000000000000000000000000000000000000000000000000000000000000000000000000000000000044095ea7b3000000000000000000000000bcf253651cfb56355a56aaed5c7cfbaf25dd04db00000000000000000000000000000000000000000000000000000000000000c800bcf253651cfb56355a56aaed5c7cfbaf25dd04db000000000000000000000000000000000000000000000000000000000000000000000000000000000000000000000000000000000000000000000000000000240d61b51900000000000000000000000000000000000000000000000000000000000000010000000000000000000000000000
[2024-07-31 05:50:22,012] [INFO] [agent] 'tx_preparation_round' round is done with event: Event.DONE
[2024-07-31 05:50:22,012] [INFO] [agent] Entered in the 'randomness_transaction_submission_round' round for period 0
[2024-07-31 05:50:22,014] [INFO] [agent] Entered in the 'randomness_transaction_submission_behaviour' behaviour
[2024-07-31 05:50:22,016] [INFO] [agent] Retrieving DRAND values from api...
[2024-07-31 05:50:22,618] [INFO] [agent] Verifying DRAND values...
[2024-07-31 05:50:24,830] [INFO] [agent] DRAND check successful.
[2024-07-31 05:50:24,830] [INFO] [agent] Retrieved DRAND values: {'round': 4232466, 'signature': 'a725fdd0885207bc5b7620475e2a49c3412e464de972a9a3d8952eaaf318c43b88d8ce62c02f195c3fe9aac5c9009382024941fdc473f177ea79daa7631a6d9d3cf655ce1b0b543373151a6dc1f3a7f1622a66a07fc0cbdd5354f1393cedf747', 'randomness': 'd8262130a2012fb9467796b80365ce5337d12860bc481d83e9f6ccba159de167'}.
[2024-07-31 05:50:26,587] [INFO] [agent] 'randomness_transaction_submission_round' round is done with event: Event.DONE
[2024-07-31 05:50:26,588] [INFO] [agent] Entered in the 'select_keeper_transaction_submission_a_round' round for period 0
[2024-07-31 05:50:26,595] [INFO] [agent] Entered in the 'select_keeper_transaction_submission_behaviour_a' behaviour
[2024-07-31 05:50:26,596] [INFO] [agent] Selected a new keeper: 0x36A6DdCAcb10f495d9c61005C216247Ef9ADfe61.
[2024-07-31 05:50:27,963] [INFO] [agent] 'select_keeper_transaction_submission_a_round' round is done with event: Event.DONE
[2024-07-31 05:50:27,963] [INFO] [agent] Entered in the 'collect_signature_round' round for period 0
[2024-07-31 05:50:27,970] [INFO] [agent] Entered in the 'signature_behaviour' behaviour
[2024-07-31 05:50:27,970] [INFO] [agent] Agreement reached on tx data: d6cd79e8321eecb0c0e6eb690924ca574d3521ae59c5434524d37c9414dc04f9000000000000000000000000000000000000000000000000000000000000000000000000000000000000000000000000000000000000000000000000000000000xA238CBeb142c10Ef7Ad8442C6D1f9E89e07e776101000000000000000000000000000000000000000000000000000000000000000000000000000000000000000000000000000000000000000000000000000000000x00000000000000000000000000000000000000000x00000000000000000000000000000000000000000000000000000000000000000000000000000000000000000000000000000000000000000000000000000000000000000000000000000000000000000000000000000000000000000000000000000000000000000000000000000000000000008d80ff0a0000000000000000000000000000000000000000000000000000000000000020000000000000000000000000000000000000000000000000000000000000011200e91d153e0b41518a2ce8dd3d7944fa863463a97d00000000000000000000000000000000000000000000000000000000000000000000000000000000000000000000000000000000000000000000000000000044095ea7b3000000000000000000000000bcf253651cfb56355a56aaed5c7cfbaf25dd04db00000000000000000000000000000000000000000000000000000000000000c800bcf253651cfb56355a56aaed5c7cfbaf25dd04db000000000000000000000000000000000000000000000000000000000000000000000000000000000000000000000000000000000000000000000000000000240d61b51900000000000000000000000000000000000000000000000000000000000000010000000000000000000000000000
[2024-07-31 05:50:28,021] [INFO] [agent] Signature: d4493e11e936043586c6a0dcff53181e58695289ab09724f5f86a527637eaed81ff5282d345efcb4959041ee17ad83494233e581af64d80a68ce9714ff2ce2461c
[2024-07-31 05:50:29,308] [INFO] [agent] 'collect_signature_round' round is done with event: Event.DONE
[2024-07-31 05:50:29,308] [INFO] [agent] Entered in the 'finalization_round' round for period 0
[2024-07-31 05:50:29,314] [INFO] [agent] Entered in the 'finalize_behaviour' behaviour
[2024-07-31 05:50:29,315] [INFO] [agent] Waiting for the keeper to do its keeping: 0x36A6DdCAcb10f495d9c61005C216247Ef9ADfe61
[2024-07-31 05:50:33,283] [INFO] [agent] 'finalization_round' round is done with event: Event.DONE
[2024-07-31 05:50:33,289] [INFO] [agent] Entered in the 'validate_transaction_round' round for period 0
[2024-07-31 05:50:33,311] [INFO] [agent] Entered in the 'validate_transaction_behaviour' behaviour
[2024-07-31 05:50:41,096] [INFO] Trying to get transaction and receipt from hash 0x161efdf956de7cdf45938e8b72bdbb375298bf1b2035278d0d9e3c86deafe649
[2024-07-31 05:50:41,959] [INFO] Received transaction: AttributeDict({'blockHash': HexBytes('0x0757cc3d1b5e063b6c60b7255226b8f24daadf4a7190b2ae3fd4a6535cdbc06c'), 'blockNumber': 35229554, 'transactionIndex': 0, 'hash': HexBytes('0x161efdf956de7cdf45938e8b72bdbb375298bf1b2035278d0d9e3c86deafe649'), 'from': '0x36A6DdCAcb10f495d9c61005C216247Ef9ADfe61', 'to': '0xec4E8b905308db1aE103AA9c49A55195eF4fBE29', 'input': HexBytes('0x6a761202000000000000000000000000a238cbeb142c10ef7ad8442c6d1f9e89e07e77610000000000000000000000000000000000000000000000000000000000000000000000000000000000000000000000000000000000000000000000000000014000000000000000000000000000000000000000000000000000000000000000010000000000000000000000000000000000000000000000000000000000000000000000000000000000000000000000000000000000000000000000000000000000000000000000000000000000000000000000000000000000000000000000000000000000000000000000000000000000000000000000000000000000000000000000000000000000000000000000000000000000000000000000000000000000000000000000000000000000000000000000000000000000000000000002e000000000000000000000000000000000000000000000000000000000000001648d80ff0a0000000000000000000000000000000000000000000000000000000000000020000000000000000000000000000000000000000000000000000000000000011200e91d153e0b41518a2ce8dd3d7944fa863463a97d00000000000000000000000000000000000000000000000000000000000000000000000000000000000000000000000000000000000000000000000000000044095ea7b3000000000000000000000000bcf253651cfb56355a56aaed5c7cfbaf25dd04db00000000000000000000000000000000000000000000000000000000000000c800bcf253651cfb56355a56aaed5c7cfbaf25dd04db000000000000000000000000000000000000000000000000000000000000000000000000000000000000000000000000000000000000000000000000000000240d61b51900000000000000000000000000000000000000000000000000000000000000010000000000000000000000000000000000000000000000000000000000000000000000000000000000000000000000000000000000000000000000000000000000000000000000000104c7b1b6f22ef5ebd9f8f1cbf0ff96cdf18f37be248a7d5eed66eeff48cb78e32f6d95aad39c05e1debf4264983d930e53911885d677df1fa6b68990990532baa41cd4493e11e936043586c6a0dcff53181e58695289ab09724f5f86a527637eaed81ff5282d345efcb4959041ee17ad83494233e581af64d80a68ce9714ff2ce2461c149a50bf55d47334fe1e8d2492dc528d6799b1de68116625298012482f056dc11e31c4b444ea6600ecd7b411ed53fa1d00fc5a84921ab21590167e4d59de59771c4b4ff2e91641a4ced73ecadf0a5f6f0474cbd51b6d7be0c1251e14b6892444106de5d7b1d7aea7b45b8a5666a1581433899a14e1d4feae9d1e7270eee92f98251c00000000000000000000000000000000000000000000000000000000'), 'nonce': 9, 'value': 0, 'gas': 163749, 'gasPrice': 4000000000, 'maxPriorityFeePerGas': 3000000000, 'maxFeePerGas': 4000000000, 'accessList': [], 'chainId': 100, 'type': 2, 'v': 0, 'r': HexBytes('0x7945c69154617ecaf1774f757d324255521abc082db8526e6e91d385e298f214'), 's': HexBytes('0x4dc16d190f81d53df7d4d8d57a1459830cdaac51127b7af71a7774355cf32d9c')}), with receipt: {'type': 2, 'status': 1, 'cumulativeGasUsed': 141763, 'logsBloom': '0x00000000400000000000000108000000000000080000000010000000040000000000000000202000000000000000000000000000000000000000010000200000000000000000000000000008000000000008040000000000000000000000000000000000000000000000000000000000000000000000000000000210080000000000000000000004000000000000000000000000000008000000000000000000020000000400000000010000000004000000000000000800000000000000000000000002000000000000000000020040000000000000000000000000000000000010000000000000000000000000000000000000000000000000000000000000', 'logs': [{'address': '0xec4E8b905308db1aE103AA9c49A55195eF4fBE29', 'topics': ['0x66753cd2356569ee081232e3be8909b950e0a76c1f8460c3a5e3c2be32b11bed'], 'data': '0x000000000000000000000000a238cbeb142c10ef7ad8442c6d1f9e89e07e7761000000000000000000000000000000000000000000000000000000000000000000000000000000000000000000000000000000000000000000000000000001600000000000000000000000000000000000000000000000000000000000000001000000000000000000000000000000000000000000000000000000000000000000000000000000000000000000000000000000000000000000000000000000000000000000000000000000000000000000000000000000000000000000000000000000000000000000000000000000000000000000000000000000000000000000000000000000000000000000000000000000000000000000000000000000000000000000000000000000000000000000000000000000000000000000000300000000000000000000000000000000000000000000000000000000000000044000000000000000000000000000000000000000000000000000000000000001648d80ff0a0000000000000000000000000000000000000000000000000000000000000020000000000000000000000000000000000000000000000000000000000000011200e91d153e0b41518a2ce8dd3d7944fa863463a97d00000000000000000000000000000000000000000000000000000000000000000000000000000000000000000000000000000000000000000000000000000044095ea7b3000000000000000000000000bcf253651cfb56355a56aaed5c7cfbaf25dd04db00000000000000000000000000000000000000000000000000000000000000c800bcf253651cfb56355a56aaed5c7cfbaf25dd04db000000000000000000000000000000000000000000000000000000000000000000000000000000000000000000000000000000000000000000000000000000240d61b51900000000000000000000000000000000000000000000000000000000000000010000000000000000000000000000000000000000000000000000000000000000000000000000000000000000000000000000000000000000000000000000000000000000000000000104c7b1b6f22ef5ebd9f8f1cbf0ff96cdf18f37be248a7d5eed66eeff48cb78e32f6d95aad39c05e1debf4264983d930e53911885d677df1fa6b68990990532baa41cd4493e11e936043586c6a0dcff53181e58695289ab09724f5f86a527637eaed81ff5282d345efcb4959041ee17ad83494233e581af64d80a68ce9714ff2ce2461c149a50bf55d47334fe1e8d2492dc528d6799b1de68116625298012482f056dc11e31c4b444ea6600ecd7b411ed53fa1d00fc5a84921ab21590167e4d59de59771c4b4ff2e91641a4ced73ecadf0a5f6f0474cbd51b6d7be0c1251e14b6892444106de5d7b1d7aea7b45b8a5666a1581433899a14e1d4feae9d1e7270eee92f98251c000000000000000000000000000000000000000000000000000000000000000000000000000000000000000000000000000000000000000000000060000000000000000000000000000000000000000000000000000000000000000500000000000000000000000036a6ddcacb10f495d9c61005c216247ef9adfe610000000000000000000000000000000000000000000000000000000000000003', 'blockNumber': 35229554, 'transactionHash': '0x161efdf956de7cdf45938e8b72bdbb375298bf1b2035278d0d9e3c86deafe649', 'transactionIndex': 0, 'blockHash': '0x0757cc3d1b5e063b6c60b7255226b8f24daadf4a7190b2ae3fd4a6535cdbc06c', 'logIndex': 0, 'removed': False}, {'address': '0xe91D153E0b41518A2Ce8Dd3D7944Fa863463a97d', 'topics': ['0x8c5be1e5ebec7d5bd14f71427d1e84f3dd0314c0f7b2291e5b200ac8c7c3b925', '0x000000000000000000000000ec4e8b905308db1ae103aa9c49a55195ef4fbe29', '0x000000000000000000000000bcf253651cfb56355a56aaed5c7cfbaf25dd04db'], 'data': '0x00000000000000000000000000000000000000000000000000000000000000c8', 'blockNumber': 35229554, 'transactionHash': '0x161efdf956de7cdf45938e8b72bdbb375298bf1b2035278d0d9e3c86deafe649', 'transactionIndex': 0, 'blockHash': '0x0757cc3d1b5e063b6c60b7255226b8f24daadf4a7190b2ae3fd4a6535cdbc06c', 'logIndex': 1, 'removed': False}, {'address': '0xe91D153E0b41518A2Ce8Dd3D7944Fa863463a97d', 'topics': ['0xddf252ad1be2c89b69c2b068fc378daa952ba7f163c4a11628f55a4df523b3ef', '0x000000000000000000000000ec4e8b905308db1ae103aa9c49a55195ef4fbe29', '0x000000000000000000000000a2c152da86e5165727d9974c0c6b5157172a56bb'], 'data': '0x00000000000000000000000000000000000000000000000000000000000000c8', 'blockNumber': 35229554, 'transactionHash': '0x161efdf956de7cdf45938e8b72bdbb375298bf1b2035278d0d9e3c86deafe649', 'transactionIndex': 0, 'blockHash': '0x0757cc3d1b5e063b6c60b7255226b8f24daadf4a7190b2ae3fd4a6535cdbc06c', 'logIndex': 2, 'removed': False}, {'address': '0xec4E8b905308db1aE103AA9c49A55195eF4fBE29', 'topics': ['0x442e715f626346e8c54381002da614f62bee8d27386535b2521ec8540898556e'], 'data': '0xd6cd79e8321eecb0c0e6eb690924ca574d3521ae59c5434524d37c9414dc04f90000000000000000000000000000000000000000000000000000000000000000', 'blockNumber': 35229554, 'transactionHash': '0x161efdf956de7cdf45938e8b72bdbb375298bf1b2035278d0d9e3c86deafe649', 'transactionIndex': 0, 'blockHash': '0x0757cc3d1b5e063b6c60b7255226b8f24daadf4a7190b2ae3fd4a6535cdbc06c', 'logIndex': 3, 'removed': False}], 'transactionHash': '0x161efdf956de7cdf45938e8b72bdbb375298bf1b2035278d0d9e3c86deafe649', 'from': '0x36A6DdCAcb10f495d9c61005C216247Ef9ADfe61', 'to': '0xec4E8b905308db1aE103AA9c49A55195eF4fBE29', 'contractAddress': None, 'gasUsed': 141763, 'effectiveGasPrice': 4000000000, 'blockHash': '0x0757cc3d1b5e063b6c60b7255226b8f24daadf4a7190b2ae3fd4a6535cdbc06c', 'blockNumber': 35229554, 'transactionIndex': 0, 'blobGasUsed': 0}.
[2024-07-31 05:50:41,984] [INFO] [agent] Verified result: True
[2024-07-31 05:50:41,984] [INFO] [agent] Finalized with transaction hash: 0x161efdf956de7cdf45938e8b72bdbb375298bf1b2035278d0d9e3c86deafe649
[2024-07-31 05:50:42,652] [INFO] [agent] 'validate_transaction_round' round is done with event: Event.DONE
[2024-07-31 05:50:42,653] [INFO] [agent] Entered in the 'reset_and_pause_round' round for period 0
[2024-07-31 05:50:42,657] [INFO] [agent] Entered in the 'reset_and_pause_behaviour' behaviour
[2024-07-31 05:50:51,103] [INFO] [agent] Period end.
[2024-07-31 05:50:51,996] [INFO] [agent] 'reset_and_pause_round' round is done with event: Event.DONE
[2024-07-31 05:50:51,996] [INFO] [agent] Entered in the 'a_p_i_check_round' round for period 1
[2024-07-31 05:50:52,003] [INFO] [agent] Entered in the 'a_p_i_check_behaviour' behaviour
[2024-07-31 05:50:52,003] [INFO] [agent] 0xbcf253651cfb56355a56aaed5c7cfbaf25dd04db
[2024-07-31 05:50:52,990] [INFO] [agent] These are the proposals: Message(sender=valory/ledger:0.19.0,to=valory/learning_chained_abci:0.1.0,dialogue_reference=('a051209b9cf264345c9369602996e363afc4f9cc2f1d2c78e99c8a1791712324', 'd526765bbb93e521ae0bbe2da1b3b8290366d1c8ea5d611276efec9df3a6424b'),message_id=-1,performative=state,state=State: ledger_id=ethereum, body={'data': [(0, '0xa2c152DA86e5165727D9974C0C6b5157172a56bb', 100, True, 1722403107), (1, '0xa2c152DA86e5165727D9974C0C6b5157172a56bb', 200, True, 1722404552)]},target=1)
[2024-07-31 05:50:53,999] [INFO] [agent] Successfully stored new_proposal.json to IPFS with hash: QmaVKY1v1pXPXY4eFVi2NSJiF8vWtrFPFXgfaTNQeSzXHy
[2024-07-31 05:50:53,999] [INFO] [agent] The IPFS hash is : QmaVKY1v1pXPXY4eFVi2NSJiF8vWtrFPFXgfaTNQeSzXHy
[2024-07-31 05:50:55,927] [INFO] [agent] 'a_p_i_check_round' round is done with event: Event.DONE
[2024-07-31 05:50:55,928] [INFO] [agent] Entered in the 'decision_making_round' round for period 1
[2024-07-31 05:50:55,935] [INFO] [agent] Entered in the 'decision_making_behaviour' behaviour
[2024-07-31 05:50:56,614] [INFO] [agent] Retrieved 1 objects from ipfs.
[2024-07-31 05:50:57,571] [INFO] [agent] Proposals are: Message(sender=valory/ledger:0.19.0,to=valory/learning_chained_abci:0.1.0,dialogue_reference=('543e0a4fd3753b7eaa958f735fc5b676a5d3dca8c40476341a96bbafccb2bcbc', 'aff3e44c9df70a60d3d788ad5fc144d32fc13c569efb9f468c51a11dabc4501e'),message_id=-1,performative=state,state=State: ledger_id=ethereum, body={'data': [(0, '0xa2c152DA86e5165727D9974C0C6b5157172a56bb', 100, True, 1722403107), (1, '0xa2c152DA86e5165727D9974C0C6b5157172a56bb', 200, True, 1722404552)]},target=1)
[2024-07-31 05:50:57,572] [INFO] [agent] Maximum amount: 10000 , Minimum amount 10
[2024-07-31 05:50:57,572] [INFO] [agent] Proposal amount: 100
[2024-07-31 05:50:57,572] [INFO] [agent] Proposal amount: 200
[2024-07-31 05:50:57,572] [INFO] [agent] No unexecuted proposals within the range; deciding to HOLD
[2024-07-31 05:50:57,572] [INFO] [agent] DECISION MADE: done
[2024-07-31 05:50:58,630] [INFO] [agent] 'decision_making_round' round is done with event: Event.DONE
[2024-07-31 05:50:58,630] [INFO] [agent] Entered in the 'reset_and_pause_round' round for period 1
[2024-07-31 05:50:58,642] [INFO] [agent] Entered in the 'reset_and_pause_behaviour' behaviour
[2024-07-31 05:51:07,043] [INFO] [agent] Period end.
[2024-07-31 05:51:08,187] [INFO] [agent] 'reset_and_pause_round' round is done with event: Event.DONE
[2024-07-31 05:51:08,187] [INFO] [agent] Entered in the 'a_p_i_check_round' round for period 2
[2024-07-31 05:51:08,193] [INFO] [agent] Entered in the 'a_p_i_check_behaviour' behaviour
[2024-07-31 05:51:08,193] [INFO] [agent] 0xbcf253651cfb56355a56aaed5c7cfbaf25dd04db
[2024-07-31 05:51:09,123] [INFO] [agent] These are the proposals: Message(sender=valory/ledger:0.19.0,to=valory/learning_chained_abci:0.1.0,dialogue_reference=('2f62dfc6c41eed2c85603f3dd97c85baeb2c4644f9294e074f43b876192a09d7', '5e4a20f971c55bb8b17db954a200dd2243cdfcd2759c201530b08440f2879cf9'),message_id=-1,performative=state,state=State: ledger_id=ethereum, body={'data': [(0, '0xa2c152DA86e5165727D9974C0C6b5157172a56bb', 100, True, 1722403107), (1, '0xa2c152DA86e5165727D9974C0C6b5157172a56bb', 200, True, 1722404552)]},target=1)
[2024-07-31 05:51:10,248] [INFO] [agent] Successfully stored new_proposal.json to IPFS with hash: QmaVKY1v1pXPXY4eFVi2NSJiF8vWtrFPFXgfaTNQeSzXHy
[2024-07-31 05:51:10,248] [INFO] [agent] The IPFS hash is : QmaVKY1v1pXPXY4eFVi2NSJiF8vWtrFPFXgfaTNQeSzXHy
[2024-07-31 05:51:12,321] [INFO] [agent] 'a_p_i_check_round' round is done with event: Event.DONE
[2024-07-31 05:51:12,323] [INFO] [agent] Entered in the 'decision_making_round' round for period 2
[2024-07-31 05:51:12,328] [INFO] [agent] Entered in the 'decision_making_behaviour' behaviour
[2024-07-31 05:51:13,051] [INFO] [agent] Retrieved 1 objects from ipfs.
[2024-07-31 05:51:14,022] [INFO] [agent] Proposals are: Message(sender=valory/ledger:0.19.0,to=valory/learning_chained_abci:0.1.0,dialogue_reference=('f2a392dc99400526d0afc9847493bb2aea900e21bd387a0cdc84cbec8496db98', '157282e6bcaea8599cd39781ac62199f674492e337836e81683a3233b5de6113'),message_id=-1,performative=state,state=State: ledger_id=ethereum, body={'data': [(0, '0xa2c152DA86e5165727D9974C0C6b5157172a56bb', 100, True, 1722403107), (1, '0xa2c152DA86e5165727D9974C0C6b5157172a56bb', 200, True, 1722404552)]},target=1)
[2024-07-31 05:51:14,022] [INFO] [agent] Maximum amount: 10000 , Minimum amount 10
[2024-07-31 05:51:14,023] [INFO] [agent] Proposal amount: 100
[2024-07-31 05:51:14,023] [INFO] [agent] Proposal amount: 200
[2024-07-31 05:51:14,023] [INFO] [agent] No unexecuted proposals within the range; deciding to HOLD
[2024-07-31 05:51:14,023] [INFO] [agent] DECISION MADE: done
[2024-07-31 05:51:15,041] [INFO] [agent] 'decision_making_round' round is done with event: Event.DONE
[2024-07-31 05:51:15,041] [INFO] [agent] Entered in the 'reset_and_pause_round' round for period 2
[2024-07-31 05:51:15,047] [INFO] [agent] Entered in the 'reset_and_pause_behaviour' behaviour
[2024-07-31 05:51:23,371] [INFO] [agent] Period end.
[2024-07-31 05:51:24,622] [INFO] [agent] 'reset_and_pause_round' round is done with event: Event.DONE
[2024-07-31 05:51:24,622] [INFO] [agent] Entered in the 'a_p_i_check_round' round for period 3
[2024-07-31 05:51:24,635] [INFO] [agent] Entered in the 'a_p_i_check_behaviour' behaviour
[2024-07-31 05:51:24,635] [INFO] [agent] 0xbcf253651cfb56355a56aaed5c7cfbaf25dd04db
[2024-07-31 05:51:25,601] [INFO] [agent] These are the proposals: Message(sender=valory/ledger:0.19.0,to=valory/learning_chained_abci:0.1.0,dialogue_reference=('6d04b3697ab534ffc622f8936db00b900f872ac87bb3ebe598df813a9d5206fa', '748f9571b540bbe0b374b3c7498d0f478f35c75697966cc694e468a1d1474c52'),message_id=-1,performative=state,state=State: ledger_id=ethereum, body={'data': [(0, '0xa2c152DA86e5165727D9974C0C6b5157172a56bb', 100, True, 1722403107), (1, '0xa2c152DA86e5165727D9974C0C6b5157172a56bb', 200, True, 1722404552)]},target=1)
[2024-07-31 05:51:27,326] [INFO] [agent] Successfully stored new_proposal.json to IPFS with hash: QmaVKY1v1pXPXY4eFVi2NSJiF8vWtrFPFXgfaTNQeSzXHy
[2024-07-31 05:51:27,326] [INFO] [agent] The IPFS hash is : QmaVKY1v1pXPXY4eFVi2NSJiF8vWtrFPFXgfaTNQeSzXHy
[2024-07-31 05:51:28,733] [INFO] [agent] 'a_p_i_check_round' round is done with event: Event.DONE
[2024-07-31 05:51:28,735] [INFO] [agent] Entered in the 'decision_making_round' round for period 3
[2024-07-31 05:51:28,752] [INFO] [agent] Entered in the 'decision_making_behaviour' behaviour
[2024-07-31 05:51:29,536] [INFO] [agent] Retrieved 1 objects from ipfs.
[2024-07-31 05:51:30,535] [INFO] [agent] Proposals are: Message(sender=valory/ledger:0.19.0,to=valory/learning_chained_abci:0.1.0,dialogue_reference=('3d662aad34eb965961f648112bcad9dd4c852f3cd9fad1a4528e152d696d13bc', 'd287ca80c7c7b5389a2fb83f848cbbcfe2295bd6f0792928463ef3a90002e5a7'),message_id=-1,performative=state,state=State: ledger_id=ethereum, body={'data': [(0, '0xa2c152DA86e5165727D9974C0C6b5157172a56bb', 100, True, 1722403107), (1, '0xa2c152DA86e5165727D9974C0C6b5157172a56bb', 200, True, 1722404552)]},target=1)
[2024-07-31 05:51:30,535] [INFO] [agent] Maximum amount: 10000 , Minimum amount 10
[2024-07-31 05:51:30,536] [INFO] [agent] Proposal amount: 100
[2024-07-31 05:51:30,536] [INFO] [agent] Proposal amount: 200
[2024-07-31 05:51:30,536] [INFO] [agent] No unexecuted proposals within the range; deciding to HOLD
[2024-07-31 05:51:30,536] [INFO] [agent] DECISION MADE: done
[2024-07-31 05:51:31,494] [INFO] [agent] 'decision_making_round' round is done with event: Event.DONE
[2024-07-31 05:51:31,495] [INFO] [agent] Entered in the 'reset_and_pause_round' round for period 3
[2024-07-31 05:51:31,499] [INFO] [agent] Entered in the 'reset_and_pause_behaviour' behaviour
[2024-07-31 05:51:39,778] [INFO] [agent] Period end.
[2024-07-31 05:51:40,873] [INFO] [agent] 'reset_and_pause_round' round is done with event: Event.DONE
[2024-07-31 05:51:40,873] [INFO] [agent] Entered in the 'a_p_i_check_round' round for period 4
[2024-07-31 05:51:40,882] [INFO] [agent] Entered in the 'a_p_i_check_behaviour' behaviour
[2024-07-31 05:51:40,882] [INFO] [agent] 0xbcf253651cfb56355a56aaed5c7cfbaf25dd04db
[2024-07-31 05:51:41,812] [INFO] [agent] These are the proposals: Message(sender=valory/ledger:0.19.0,to=valory/learning_chained_abci:0.1.0,dialogue_reference=('765e478fabbe321d150858b193df020401f91c7b22d1c2a37b4e6352b9a226e7', '69e0be0f7b2abd7c2e36aae411cf205b0b1bae9039a64ed8815d5a064dd6e1fe'),message_id=-1,performative=state,state=State: ledger_id=ethereum, body={'data': [(0, '0xa2c152DA86e5165727D9974C0C6b5157172a56bb', 100, True, 1722403107), (1, '0xa2c152DA86e5165727D9974C0C6b5157172a56bb', 200, True, 1722404552)]},target=1)
[2024-07-31 05:51:43,056] [INFO] [agent] Successfully stored new_proposal.json to IPFS with hash: QmaVKY1v1pXPXY4eFVi2NSJiF8vWtrFPFXgfaTNQeSzXHy
[2024-07-31 05:51:43,057] [INFO] [agent] The IPFS hash is : QmaVKY1v1pXPXY4eFVi2NSJiF8vWtrFPFXgfaTNQeSzXHy
[2024-07-31 05:51:44,812] [INFO] [agent] 'a_p_i_check_round' round is done with event: Event.DONE
[2024-07-31 05:51:44,812] [INFO] [agent] Entered in the 'decision_making_round' round for period 4
[2024-07-31 05:51:44,829] [INFO] [agent] Entered in the 'decision_making_behaviour' behaviour
[2024-07-31 05:51:45,516] [INFO] [agent] Retrieved 1 objects from ipfs.
[2024-07-31 05:51:46,462] [INFO] [agent] Proposals are: Message(sender=valory/ledger:0.19.0,to=valory/learning_chained_abci:0.1.0,dialogue_reference=('ef7023ec21920220011f4ba980dfe5748c4b14ef05c85947e9474d0fea144f53', '34f1f10c57fc898ce4f239a889c40da5dcae363001b66c66adf6a9b1def27c84'),message_id=-1,performative=state,state=State: ledger_id=ethereum, body={'data': [(0, '0xa2c152DA86e5165727D9974C0C6b5157172a56bb', 100, True, 1722403107), (1, '0xa2c152DA86e5165727D9974C0C6b5157172a56bb', 200, True, 1722404552)]},target=1)
[2024-07-31 05:51:46,462] [INFO] [agent] Maximum amount: 10000 , Minimum amount 10
[2024-07-31 05:51:46,462] [INFO] [agent] Proposal amount: 100
[2024-07-31 05:51:46,463] [INFO] [agent] Proposal amount: 200
[2024-07-31 05:51:46,463] [INFO] [agent] No unexecuted proposals within the range; deciding to HOLD
[2024-07-31 05:51:46,464] [INFO] [agent] DECISION MADE: done
[2024-07-31 05:51:47,746] [INFO] [agent] 'decision_making_round' round is done with event: Event.DONE
[2024-07-31 05:51:47,749] [INFO] [agent] Entered in the 'reset_and_pause_round' round for period 4
[2024-07-31 05:51:47,766] [INFO] [agent] Entered in the 'reset_and_pause_behaviour' behaviour
[2024-07-31 05:51:55,968] [INFO] [agent] Period end.
[2024-07-31 05:51:57,302] [INFO] [agent] 'reset_and_pause_round' round is done with event: Event.DONE
[2024-07-31 05:51:57,303] [INFO] [agent] Entered in the 'a_p_i_check_round' round for period 5
[2024-07-31 05:51:57,320] [INFO] [agent] Entered in the 'a_p_i_check_behaviour' behaviour
[2024-07-31 05:51:57,321] [INFO] [agent] 0xbcf253651cfb56355a56aaed5c7cfbaf25dd04db
[2024-07-31 05:51:58,303] [INFO] [agent] These are the proposals: Message(sender=valory/ledger:0.19.0,to=valory/learning_chained_abci:0.1.0,dialogue_reference=('0802ad2eb0770fbda997d3ec669670e0530914e8336e58e16a7fad7c3b47a85e', '07451435eff1b9ee998a3d9923c91c5a95afbbf59f39125f38598e0466bb0bd1'),message_id=-1,performative=state,state=State: ledger_id=ethereum, body={'data': [(0, '0xa2c152DA86e5165727D9974C0C6b5157172a56bb', 100, True, 1722403107), (1, '0xa2c152DA86e5165727D9974C0C6b5157172a56bb', 200, True, 1722404552)]},target=1)
[2024-07-31 05:51:59,516] [INFO] [agent] Successfully stored new_proposal.json to IPFS with hash: QmaVKY1v1pXPXY4eFVi2NSJiF8vWtrFPFXgfaTNQeSzXHy
[2024-07-31 05:51:59,517] [INFO] [agent] The IPFS hash is : QmaVKY1v1pXPXY4eFVi2NSJiF8vWtrFPFXgfaTNQeSzXHy
[2024-07-31 05:52:01,288] [INFO] [agent] 'a_p_i_check_round' round is done with event: Event.DONE
[2024-07-31 05:52:01,289] [INFO] [agent] Entered in the 'decision_making_round' round for period 5
[2024-07-31 05:52:01,293] [INFO] [agent] Entered in the 'decision_making_behaviour' behaviour
[2024-07-31 05:52:01,932] [INFO] [agent] Retrieved 1 objects from ipfs.
[2024-07-31 05:52:02,916] [INFO] [agent] Proposals are: Message(sender=valory/ledger:0.19.0,to=valory/learning_chained_abci:0.1.0,dialogue_reference=('1e23a71283dc93380f44941b24236d3876f1c3f38acc2cdeb9f433e3b8c8ce3e', '020d7d1c6377d5e411f30a2b14241db09d9de081b8c3c387825b65881f692fd4'),message_id=-1,performative=state,state=State: ledger_id=ethereum, body={'data': [(0, '0xa2c152DA86e5165727D9974C0C6b5157172a56bb', 100, True, 1722403107), (1, '0xa2c152DA86e5165727D9974C0C6b5157172a56bb', 200, True, 1722404552)]},target=1)
[2024-07-31 05:52:02,917] [INFO] [agent] Maximum amount: 10000 , Minimum amount 10
[2024-07-31 05:52:02,918] [INFO] [agent] Proposal amount: 100
[2024-07-31 05:52:02,918] [INFO] [agent] Proposal amount: 200
[2024-07-31 05:52:02,919] [INFO] [agent] No unexecuted proposals within the range; deciding to HOLD
[2024-07-31 05:52:02,919] [INFO] [agent] DECISION MADE: done
[2024-07-31 05:52:04,073] [INFO] [agent] 'decision_making_round' round is done with event: Event.DONE
[2024-07-31 05:52:04,074] [INFO] [agent] Entered in the 'reset_and_pause_round' round for period 5
[2024-07-31 05:52:04,083] [INFO] [agent] Entered in the 'reset_and_pause_behaviour' behaviour
[2024-07-31 05:52:12,389] [INFO] [agent] Period end.
[2024-07-31 05:52:13,571] [INFO] [agent] 'reset_and_pause_round' round is done with event: Event.DONE
[2024-07-31 05:52:13,571] [INFO] [agent] Entered in the 'a_p_i_check_round' round for period 6
[2024-07-31 05:52:13,579] [INFO] [agent] Entered in the 'a_p_i_check_behaviour' behaviour
[2024-07-31 05:52:13,581] [INFO] [agent] 0xbcf253651cfb56355a56aaed5c7cfbaf25dd04db
[2024-07-31 05:52:14,520] [INFO] [agent] These are the proposals: Message(sender=valory/ledger:0.19.0,to=valory/learning_chained_abci:0.1.0,dialogue_reference=('7cec7bc658252ea6fc805c2e1f12a6a2a1097785385c240984b5ae8ce7ff6c87', '786a2af39b907be5865151fc40b79bd0c6faa12166f75b4a80e7ddbe2a6be155'),message_id=-1,performative=state,state=State: ledger_id=ethereum, body={'data': [(0, '0xa2c152DA86e5165727D9974C0C6b5157172a56bb', 100, True, 1722403107), (1, '0xa2c152DA86e5165727D9974C0C6b5157172a56bb', 200, True, 1722404552)]},target=1)
[2024-07-31 05:52:15,478] [INFO] [agent] Successfully stored new_proposal.json to IPFS with hash: QmaVKY1v1pXPXY4eFVi2NSJiF8vWtrFPFXgfaTNQeSzXHy
[2024-07-31 05:52:15,478] [INFO] [agent] The IPFS hash is : QmaVKY1v1pXPXY4eFVi2NSJiF8vWtrFPFXgfaTNQeSzXHy
[2024-07-31 05:52:17,754] [INFO] [agent] 'a_p_i_check_round' round is done with event: Event.DONE
[2024-07-31 05:52:17,755] [INFO] [agent] Entered in the 'decision_making_round' round for period 6
[2024-07-31 05:52:17,759] [INFO] [agent] Entered in the 'decision_making_behaviour' behaviour
[2024-07-31 05:52:18,554] [INFO] [agent] Retrieved 1 objects from ipfs.
[2024-07-31 05:52:19,538] [INFO] [agent] Proposals are: Message(sender=valory/ledger:0.19.0,to=valory/learning_chained_abci:0.1.0,dialogue_reference=('c412d30d47def6589acd17518de2fc2f16cdee57447b7567d65db73b562ff132', '134eaba200bbe01207a8aa736e4a711d5d02e3b592711fb9824e9ae3e5ece806'),message_id=-1,performative=state,state=State: ledger_id=ethereum, body={'data': [(0, '0xa2c152DA86e5165727D9974C0C6b5157172a56bb', 100, True, 1722403107), (1, '0xa2c152DA86e5165727D9974C0C6b5157172a56bb', 200, True, 1722404552)]},target=1)
[2024-07-31 05:52:19,538] [INFO] [agent] Maximum amount: 10000 , Minimum amount 10
[2024-07-31 05:52:19,538] [INFO] [agent] Proposal amount: 100
[2024-07-31 05:52:19,539] [INFO] [agent] Proposal amount: 200
[2024-07-31 05:52:19,539] [INFO] [agent] No unexecuted proposals within the range; deciding to HOLD
[2024-07-31 05:52:19,539] [INFO] [agent] DECISION MADE: done
[2024-07-31 05:52:20,251] [INFO] [agent] 'decision_making_round' round is done with event: Event.DONE
[2024-07-31 05:52:20,251] [INFO] [agent] Entered in the 'reset_and_pause_round' round for period 6
[2024-07-31 05:52:20,255] [INFO] [agent] Entered in the 'reset_and_pause_behaviour' behaviour
[2024-07-31 05:52:28,677] [INFO] [agent] Period end.
[2024-07-31 05:52:29,691] [INFO] [agent] 'reset_and_pause_round' round is done with event: Event.DONE
[2024-07-31 05:52:29,691] [INFO] [agent] Entered in the 'a_p_i_check_round' round for period 7
[2024-07-31 05:52:29,696] [INFO] [agent] Entered in the 'a_p_i_check_behaviour' behaviour
[2024-07-31 05:52:29,697] [INFO] [agent] 0xbcf253651cfb56355a56aaed5c7cfbaf25dd04db
[2024-07-31 05:52:30,702] [INFO] [agent] These are the proposals: Message(sender=valory/ledger:0.19.0,to=valory/learning_chained_abci:0.1.0,dialogue_reference=('51cf5564e18ddb7c5f0dd449c71e92901b2b2915673e548016a8a8a569257993', '3f522ded2a48755b4307000e3a83b7a6b11ff2df773e7021571f20e719c6f8ad'),message_id=-1,performative=state,state=State: ledger_id=ethereum, body={'data': [(0, '0xa2c152DA86e5165727D9974C0C6b5157172a56bb', 100, True, 1722403107), (1, '0xa2c152DA86e5165727D9974C0C6b5157172a56bb', 200, True, 1722404552)]},target=1)
[2024-07-31 05:52:31,667] [INFO] [agent] Successfully stored new_proposal.json to IPFS with hash: QmaVKY1v1pXPXY4eFVi2NSJiF8vWtrFPFXgfaTNQeSzXHy
[2024-07-31 05:52:31,667] [INFO] [agent] The IPFS hash is : QmaVKY1v1pXPXY4eFVi2NSJiF8vWtrFPFXgfaTNQeSzXHy
[2024-07-31 05:52:33,643] [INFO] [agent] 'a_p_i_check_round' round is done with event: Event.DONE
[2024-07-31 05:52:33,643] [INFO] [agent] Entered in the 'decision_making_round' round for period 7
[2024-07-31 05:52:33,647] [INFO] [agent] Entered in the 'decision_making_behaviour' behaviour
[2024-07-31 05:52:34,411] [INFO] [agent] Retrieved 1 objects from ipfs.
[2024-07-31 05:52:35,429] [INFO] [agent] Proposals are: Message(sender=valory/ledger:0.19.0,to=valory/learning_chained_abci:0.1.0,dialogue_reference=('a9b0a5f84aa2420dea553f71f5433363a3ea7c37a4264d4989301ee29dd35595', '1341d5669c4d79b56c65ab2701eba5678bee709476cf603dd836124c800b248b'),message_id=-1,performative=state,state=State: ledger_id=ethereum, body={'data': [(0, '0xa2c152DA86e5165727D9974C0C6b5157172a56bb', 100, True, 1722403107), (1, '0xa2c152DA86e5165727D9974C0C6b5157172a56bb', 200, True, 1722404552)]},target=1)
[2024-07-31 05:52:35,429] [INFO] [agent] Maximum amount: 10000 , Minimum amount 10
[2024-07-31 05:52:35,429] [INFO] [agent] Proposal amount: 100
[2024-07-31 05:52:35,429] [INFO] [agent] Proposal amount: 200
[2024-07-31 05:52:35,429] [INFO] [agent] No unexecuted proposals within the range; deciding to HOLD
[2024-07-31 05:52:35,429] [INFO] [agent] DECISION MADE: done
[2024-07-31 05:52:36,406] [INFO] [agent] 'decision_making_round' round is done with event: Event.DONE
[2024-07-31 05:52:36,406] [INFO] [agent] Entered in the 'reset_and_pause_round' round for period 7
[2024-07-31 05:52:36,414] [INFO] [agent] Entered in the 'reset_and_pause_behaviour' behaviour
[2024-07-31 05:52:44,723] [INFO] [agent] Period end.
[2024-07-31 05:52:45,975] [INFO] [agent] 'reset_and_pause_round' round is done with event: Event.DONE
[2024-07-31 05:52:45,984] [INFO] [agent] Entered in the 'a_p_i_check_round' round for period 8
[2024-07-31 05:52:45,988] [INFO] [agent] Entered in the 'a_p_i_check_behaviour' behaviour
[2024-07-31 05:52:45,989] [INFO] [agent] 0xbcf253651cfb56355a56aaed5c7cfbaf25dd04db
[2024-07-31 05:52:47,006] [INFO] [agent] These are the proposals: Message(sender=valory/ledger:0.19.0,to=valory/learning_chained_abci:0.1.0,dialogue_reference=('87d2000e8fbfc621f05850c9869a7d66a2b10005fd119aff91305286230338f6', '600a5fb1dfd607b9bfad1cc9e47a4f0dc5435aa7d0cff7da1269753312703b35'),message_id=-1,performative=state,state=State: ledger_id=ethereum, body={'data': [(0, '0xa2c152DA86e5165727D9974C0C6b5157172a56bb', 100, True, 1722403107), (1, '0xa2c152DA86e5165727D9974C0C6b5157172a56bb', 200, True, 1722404552)]},target=1)
[2024-07-31 05:52:47,886] [INFO] [agent] Successfully stored new_proposal.json to IPFS with hash: QmaVKY1v1pXPXY4eFVi2NSJiF8vWtrFPFXgfaTNQeSzXHy
[2024-07-31 05:52:47,887] [INFO] [agent] The IPFS hash is : QmaVKY1v1pXPXY4eFVi2NSJiF8vWtrFPFXgfaTNQeSzXHy
[2024-07-31 05:52:50,275] [INFO] [agent] 'a_p_i_check_round' round is done with event: Event.DONE
[2024-07-31 05:52:50,276] [INFO] [agent] Entered in the 'decision_making_round' round for period 8
[2024-07-31 05:52:50,279] [INFO] [agent] Entered in the 'decision_making_behaviour' behaviour
[2024-07-31 05:52:50,915] [INFO] [agent] Retrieved 1 objects from ipfs.
[2024-07-31 05:52:51,854] [INFO] [agent] Proposals are: Message(sender=valory/ledger:0.19.0,to=valory/learning_chained_abci:0.1.0,dialogue_reference=('6409d34c3a25a401565a3a0693223da686d70314b8813892adb2b00571508e72', 'f7d011588a31b5bd9ce96e22db0de0e57a55e1f8b3abfe7997bf447a5fd9b9f5'),message_id=-1,performative=state,state=State: ledger_id=ethereum, body={'data': [(0, '0xa2c152DA86e5165727D9974C0C6b5157172a56bb', 100, True, 1722403107), (1, '0xa2c152DA86e5165727D9974C0C6b5157172a56bb', 200, True, 1722404552)]},target=1)
[2024-07-31 05:52:51,878] [INFO] [agent] Maximum amount: 10000 , Minimum amount 10
[2024-07-31 05:52:51,878] [INFO] [agent] Proposal amount: 100
[2024-07-31 05:52:51,878] [INFO] [agent] Proposal amount: 200
[2024-07-31 05:52:51,878] [INFO] [agent] No unexecuted proposals within the range; deciding to HOLD
[2024-07-31 05:52:51,879] [INFO] [agent] DECISION MADE: done
[2024-07-31 05:52:52,791] [INFO] [agent] 'decision_making_round' round is done with event: Event.DONE
[2024-07-31 05:52:52,792] [INFO] [agent] Entered in the 'reset_and_pause_round' round for period 8
[2024-07-31 05:52:52,799] [INFO] [agent] Entered in the 'reset_and_pause_behaviour' behaviour
[2024-07-31 05:53:01,102] [INFO] [agent] Period end.
[2024-07-31 05:53:02,236] [INFO] [agent] 'reset_and_pause_round' round is done with event: Event.DONE
[2024-07-31 05:53:02,237] [INFO] [agent] Entered in the 'a_p_i_check_round' round for period 9
[2024-07-31 05:53:02,244] [INFO] [agent] Entered in the 'a_p_i_check_behaviour' behaviour
[2024-07-31 05:53:02,246] [INFO] [agent] 0xbcf253651cfb56355a56aaed5c7cfbaf25dd04db
[2024-07-31 05:53:03,200] [INFO] [agent] These are the proposals: Message(sender=valory/ledger:0.19.0,to=valory/learning_chained_abci:0.1.0,dialogue_reference=('37215c07c630656a6b43ded7be69b9b00772c1a0f9a684d5de51849f9fe8381b', 'd30ac83a3f12ffec75eca38c663555d733c10aabfc9f3021bf978d77f3473134'),message_id=-1,performative=state,state=State: ledger_id=ethereum, body={'data': [(0, '0xa2c152DA86e5165727D9974C0C6b5157172a56bb', 100, True, 1722403107), (1, '0xa2c152DA86e5165727D9974C0C6b5157172a56bb', 200, True, 1722404552)]},target=1)
[2024-07-31 05:53:04,200] [INFO] [agent] Successfully stored new_proposal.json to IPFS with hash: QmaVKY1v1pXPXY4eFVi2NSJiF8vWtrFPFXgfaTNQeSzXHy
[2024-07-31 05:53:04,201] [INFO] [agent] The IPFS hash is : QmaVKY1v1pXPXY4eFVi2NSJiF8vWtrFPFXgfaTNQeSzXHy
[2024-07-31 05:53:06,194] [INFO] [agent] 'a_p_i_check_round' round is done with event: Event.DONE
[2024-07-31 05:53:06,195] [INFO] [agent] Entered in the 'decision_making_round' round for period 9
[2024-07-31 05:53:06,208] [INFO] [agent] Entered in the 'decision_making_behaviour' behaviour
[2024-07-31 05:53:06,847] [INFO] [agent] Retrieved 1 objects from ipfs.
[2024-07-31 05:53:07,798] [INFO] [agent] Proposals are: Message(sender=valory/ledger:0.19.0,to=valory/learning_chained_abci:0.1.0,dialogue_reference=('ff55e898b2736f4f0c6531a29dbb0f80fc4438f0d529184438d5f597091461ed', 'e4b12c2b0fb132aef2be6287afb7919ba06fb70bdd8e2ca9c67b749847cb5aa0'),message_id=-1,performative=state,state=State: ledger_id=ethereum, body={'data': [(0, '0xa2c152DA86e5165727D9974C0C6b5157172a56bb', 100, True, 1722403107), (1, '0xa2c152DA86e5165727D9974C0C6b5157172a56bb', 200, True, 1722404552)]},target=1)
[2024-07-31 05:53:07,799] [INFO] [agent] Maximum amount: 10000 , Minimum amount 10
[2024-07-31 05:53:07,800] [INFO] [agent] Proposal amount: 100
[2024-07-31 05:53:07,800] [INFO] [agent] Proposal amount: 200
[2024-07-31 05:53:07,800] [INFO] [agent] No unexecuted proposals within the range; deciding to HOLD
[2024-07-31 05:53:07,801] [INFO] [agent] DECISION MADE: done
[2024-07-31 05:53:09,015] [INFO] [agent] 'decision_making_round' round is done with event: Event.DONE
[2024-07-31 05:53:09,015] [INFO] [agent] Entered in the 'reset_and_pause_round' round for period 9
[2024-07-31 05:53:09,019] [INFO] [agent] Entered in the 'reset_and_pause_behaviour' behaviour
[2024-07-31 05:53:12,215] [INFO] [agent] Resetting tendermint node at end of period=9.
[2024-07-31 05:53:12,352] [INFO] [agent] connection at EOF, stop receiving loop.
[2024-07-31 05:53:12,352] [INFO] [agent] connection at EOF, stop receiving loop.
[2024-07-31 05:53:12,352] [INFO] [agent] connection at EOF, stop receiving loop.
[2024-07-31 05:53:12,353] [INFO] [agent] connection at EOF, stop receiving loop.
[2024-07-31 05:53:12,679] [INFO] [agent] Resetting tendermint node successful!
[2024-07-31 05:53:12,699] [ERROR] [agent] Tendermint not accepting transactions yet, trying again!
[2024-07-31 05:53:13,710] [INFO] [agent] local height == remote height == 0; continuing execution...
[2024-07-31 05:53:14,972] [INFO] [agent] Period end.
[2024-07-31 05:53:16,007] [INFO] [agent] 'reset_and_pause_round' round is done with event: Event.DONE
[2024-07-31 05:53:16,009] [INFO] [agent] Entered in the 'a_p_i_check_round' round for period 10
[2024-07-31 05:53:16,014] [INFO] [agent] Entered in the 'a_p_i_check_behaviour' behaviour
[2024-07-31 05:53:16,018] [INFO] [agent] 0xbcf253651cfb56355a56aaed5c7cfbaf25dd04db
[2024-07-31 05:53:16,973] [INFO] [agent] These are the proposals: Message(sender=valory/ledger:0.19.0,to=valory/learning_chained_abci:0.1.0,dialogue_reference=('4f921f466153be156ab210815021c70d672dc6c4aee671f1983ea3d9023d85d3', '00ffa565fab71ae8d896ba4ee129b6a8295177a32b0416ed252b3f95aa86d85d'),message_id=-1,performative=state,state=State: ledger_id=ethereum, body={'data': [(0, '0xa2c152DA86e5165727D9974C0C6b5157172a56bb', 100, True, 1722403107), (1, '0xa2c152DA86e5165727D9974C0C6b5157172a56bb', 200, True, 1722404552)]},target=1)
[2024-07-31 05:53:18,015] [INFO] [agent] Successfully stored new_proposal.json to IPFS with hash: QmaVKY1v1pXPXY4eFVi2NSJiF8vWtrFPFXgfaTNQeSzXHy
[2024-07-31 05:53:18,015] [INFO] [agent] The IPFS hash is : QmaVKY1v1pXPXY4eFVi2NSJiF8vWtrFPFXgfaTNQeSzXHy
[2024-07-31 05:53:20,077] [INFO] [agent] 'a_p_i_check_round' round is done with event: Event.DONE
[2024-07-31 05:53:20,078] [INFO] [agent] Entered in the 'decision_making_round' round for period 10
[2024-07-31 05:53:20,084] [INFO] [agent] Entered in the 'decision_making_behaviour' behaviour
[2024-07-31 05:53:20,756] [INFO] [agent] Retrieved 1 objects from ipfs.
[2024-07-31 05:53:21,713] [INFO] [agent] Proposals are: Message(sender=valory/ledger:0.19.0,to=valory/learning_chained_abci:0.1.0,dialogue_reference=('c1fb01f663ff105176a6b9c1c12ba93d5a42a967c6cbadd57cefdb29e8acfb50', '1d5991580d8143d3a8463474619644470592d220bca34385a74cc52f2324cb6e'),message_id=-1,performative=state,state=State: ledger_id=ethereum, body={'data': [(0, '0xa2c152DA86e5165727D9974C0C6b5157172a56bb', 100, True, 1722403107), (1, '0xa2c152DA86e5165727D9974C0C6b5157172a56bb', 200, True, 1722404552)]},target=1)
[2024-07-31 05:53:21,713] [INFO] [agent] Maximum amount: 10000 , Minimum amount 10
[2024-07-31 05:53:21,714] [INFO] [agent] Proposal amount: 100
[2024-07-31 05:53:21,714] [INFO] [agent] Proposal amount: 200
[2024-07-31 05:53:21,714] [INFO] [agent] No unexecuted proposals within the range; deciding to HOLD
[2024-07-31 05:53:21,714] [INFO] [agent] DECISION MADE: done
[2024-07-31 05:53:22,855] [INFO] [agent] 'decision_making_round' round is done with event: Event.DONE
[2024-07-31 05:53:22,855] [INFO] [agent] Entered in the 'reset_and_pause_round' round for period 10
[2024-07-31 05:53:22,858] [INFO] [agent] Entered in the 'reset_and_pause_behaviour' behaviour
[2024-07-31 05:53:31,157] [INFO] [agent] Period end.
[2024-07-31 05:53:32,336] [INFO] [agent] 'reset_and_pause_round' round is done with event: Event.DONE
[2024-07-31 05:53:32,336] [INFO] [agent] Entered in the 'a_p_i_check_round' round for period 11
[2024-07-31 05:53:32,345] [INFO] [agent] Entered in the 'a_p_i_check_behaviour' behaviour
[2024-07-31 05:53:32,345] [INFO] [agent] 0xbcf253651cfb56355a56aaed5c7cfbaf25dd04db
[2024-07-31 05:53:33,321] [INFO] [agent] These are the proposals: Message(sender=valory/ledger:0.19.0,to=valory/learning_chained_abci:0.1.0,dialogue_reference=('19c77f582e12a2cbe348e54dba93859e3db429f13b2716db08cd7b0697f2c18d', '4cce7e3f2cf95702834175a3d623b8e08813a5e3704abc2af60989518848213a'),message_id=-1,performative=state,state=State: ledger_id=ethereum, body={'data': [(0, '0xa2c152DA86e5165727D9974C0C6b5157172a56bb', 100, True, 1722403107), (1, '0xa2c152DA86e5165727D9974C0C6b5157172a56bb', 200, True, 1722404552)]},target=1)
[2024-07-31 05:53:34,287] [INFO] [agent] Successfully stored new_proposal.json to IPFS with hash: QmaVKY1v1pXPXY4eFVi2NSJiF8vWtrFPFXgfaTNQeSzXHy
[2024-07-31 05:53:34,287] [INFO] [agent] The IPFS hash is : QmaVKY1v1pXPXY4eFVi2NSJiF8vWtrFPFXgfaTNQeSzXHy
[2024-07-31 05:53:36,273] [INFO] [agent] 'a_p_i_check_round' round is done with event: Event.DONE
[2024-07-31 05:53:36,274] [INFO] [agent] Entered in the 'decision_making_round' round for period 11
[2024-07-31 05:53:36,278] [INFO] [agent] Entered in the 'decision_making_behaviour' behaviour
[2024-07-31 05:53:36,890] [INFO] [agent] Retrieved 1 objects from ipfs.
[2024-07-31 05:53:37,813] [INFO] [agent] Proposals are: Message(sender=valory/ledger:0.19.0,to=valory/learning_chained_abci:0.1.0,dialogue_reference=('b909a8c648061155115240010eaa2f7a400d9d133ac316840661e45e28e21a52', 'b32970f3005860211144bfd619b09ef934d9ff3c92211cf0f394f2cd4f85336d'),message_id=-1,performative=state,state=State: ledger_id=ethereum, body={'data': [(0, '0xa2c152DA86e5165727D9974C0C6b5157172a56bb', 100, True, 1722403107), (1, '0xa2c152DA86e5165727D9974C0C6b5157172a56bb', 200, True, 1722404552)]},target=1)
[2024-07-31 05:53:37,814] [INFO] [agent] Maximum amount: 10000 , Minimum amount 10
[2024-07-31 05:53:37,814] [INFO] [agent] Proposal amount: 100
[2024-07-31 05:53:37,815] [INFO] [agent] Proposal amount: 200
[2024-07-31 05:53:37,816] [INFO] [agent] No unexecuted proposals within the range; deciding to HOLD
[2024-07-31 05:53:37,816] [INFO] [agent] DECISION MADE: done
[2024-07-31 05:53:38,945] [INFO] [agent] 'decision_making_round' round is done with event: Event.DONE
[2024-07-31 05:53:38,945] [INFO] [agent] Entered in the 'reset_and_pause_round' round for period 11
[2024-07-31 05:53:38,948] [INFO] [agent] Entered in the 'reset_and_pause_behaviour' behaviour
[2024-07-31 05:53:47,318] [INFO] [agent] Period end.
[2024-07-31 05:53:48,339] [INFO] [agent] 'reset_and_pause_round' round is done with event: Event.DONE
[2024-07-31 05:53:48,339] [INFO] [agent] Entered in the 'a_p_i_check_round' round for period 12
[2024-07-31 05:53:48,353] [INFO] [agent] Entered in the 'a_p_i_check_behaviour' behaviour
[2024-07-31 05:53:48,355] [INFO] [agent] 0xbcf253651cfb56355a56aaed5c7cfbaf25dd04db
[2024-07-31 05:53:49,332] [INFO] [agent] These are the proposals: Message(sender=valory/ledger:0.19.0,to=valory/learning_chained_abci:0.1.0,dialogue_reference=('5440ac6d5ef4194bbb91123a414f0e3c01c5ba11706f2ca2d01e68b19a31f9b9', 'a5761066d8d1821cc350c8006280edf5944d4e42938aa2c225ad300babf4cf00'),message_id=-1,performative=state,state=State: ledger_id=ethereum, body={'data': [(0, '0xa2c152DA86e5165727D9974C0C6b5157172a56bb', 100, True, 1722403107), (1, '0xa2c152DA86e5165727D9974C0C6b5157172a56bb', 200, True, 1722404552)]},target=1)
[2024-07-31 05:53:50,513] [INFO] [agent] Successfully stored new_proposal.json to IPFS with hash: QmaVKY1v1pXPXY4eFVi2NSJiF8vWtrFPFXgfaTNQeSzXHy
[2024-07-31 05:53:50,513] [INFO] [agent] The IPFS hash is : QmaVKY1v1pXPXY4eFVi2NSJiF8vWtrFPFXgfaTNQeSzXHy
[2024-07-31 05:53:52,450] [INFO] [agent] 'a_p_i_check_round' round is done with event: Event.DONE
[2024-07-31 05:53:52,451] [INFO] [agent] Entered in the 'decision_making_round' round for period 12
[2024-07-31 05:53:52,460] [INFO] [agent] Entered in the 'decision_making_behaviour' behaviour
[2024-07-31 05:53:53,062] [INFO] [agent] Retrieved 1 objects from ipfs.
[2024-07-31 05:53:54,158] [INFO] [agent] Proposals are: Message(sender=valory/ledger:0.19.0,to=valory/learning_chained_abci:0.1.0,dialogue_reference=('9cc33ed8424cfa51370efce9c9c48d18b3ee56cdad1d0175e964dcbf78844e44', '5f48d8d8230d15faf32d56481b41c331f8b6901cb57752f978606e16a3635c41'),message_id=-1,performative=state,state=State: ledger_id=ethereum, body={'data': [(0, '0xa2c152DA86e5165727D9974C0C6b5157172a56bb', 100, True, 1722403107), (1, '0xa2c152DA86e5165727D9974C0C6b5157172a56bb', 200, True, 1722404552)]},target=1)
[2024-07-31 05:53:54,158] [INFO] [agent] Maximum amount: 10000 , Minimum amount 10
[2024-07-31 05:53:54,158] [INFO] [agent] Proposal amount: 100
[2024-07-31 05:53:54,158] [INFO] [agent] Proposal amount: 200
[2024-07-31 05:53:54,158] [INFO] [agent] No unexecuted proposals within the range; deciding to HOLD
[2024-07-31 05:53:54,159] [INFO] [agent] DECISION MADE: done
[2024-07-31 05:53:55,123] [INFO] [agent] 'decision_making_round' round is done with event: Event.DONE
[2024-07-31 05:53:55,123] [INFO] [agent] Entered in the 'reset_and_pause_round' round for period 12
[2024-07-31 05:53:55,128] [INFO] [agent] Entered in the 'reset_and_pause_behaviour' behaviour
[2024-07-31 05:54:03,533] [INFO] [agent] Period end.
[2024-07-31 05:54:04,609] [INFO] [agent] 'reset_and_pause_round' round is done with event: Event.DONE
[2024-07-31 05:54:04,609] [INFO] [agent] Entered in the 'a_p_i_check_round' round for period 13
[2024-07-31 05:54:04,618] [INFO] [agent] Entered in the 'a_p_i_check_behaviour' behaviour
[2024-07-31 05:54:04,618] [INFO] [agent] 0xbcf253651cfb56355a56aaed5c7cfbaf25dd04db
[2024-07-31 05:54:15,971] [INFO] [agent] These are the proposals: Message(sender=valory/ledger:0.19.0,to=valory/learning_chained_abci:0.1.0,code=500,data=b'',dialogue_reference=('b3cb21118f20f450d79fb1ccf3bafb2b6853a420af6953eec60ba189c9af9796', '59b5d418777857a25b840a26e8d95d27c71e68867aa946720e5dceaa7a5165c9'),message=Traceback (most recent call last):

  File "/usr/local/lib/python3.11/socket.py", line 962, in getaddrinfo
    for res in _socket.getaddrinfo(host, port, family, type, proto, flags):
               ^^^^^^^^^^^^^^^^^^^^^^^^^^^^^^^^^^^^^^^^^^^^^^^^^^^^^^^^^^^

socket.gaierror: [Errno -3] Temporary failure in name resolution


During handling of the above exception, another exception occurred:


Traceback (most recent call last):

  File "/usr/local/lib/python3.11/site-packages/urllib3/connection.py", line 186, in _new_conn
    raise NewConnectionError(

urllib3.exceptions.NewConnectionError: <ur,message_id=-1,performative=error,target=1)
[2024-07-31 05:54:15,977] [ERROR] [agent] <An error occurred during act of behaviour valory/learning_chained_abci:0.1.0/LearningChainedConsensusBehaviour:
Traceback (most recent call last):

  File "/usr/local/lib/python3.11/site-packages/aea/exceptions.py", line 106, in enforce
    raise exception_class(exception_text)

aea.exceptions.AEAEnforceError: 'state' content is not set.


During handling of the above exception, another exception occurred:


Traceback (most recent call last):

  File "/usr/local/lib/python3.11/site-packages/aea/skills/base.py", line 440, in act_wrapper
    raise AEAActException(

aea.exceptions.AEAActException: An error occurred during act of behaviour valory/learning_chained_abci:0.1.0/APICheckBehaviour:
Traceback (most recent call last):

  File "/root/agent/vendor/valory/protocols/contract_api/message.py", line 225, in state
    enforce(self.is_set("state"), "'state' content is not set.")

  File "/usr/local/lib/python3.11/site-packages/aea/exceptions.py", line 106, in enforce
    raise exception_class(exception_text)

aea.exceptions.AEAEnforceError: 'state' content is not set.

> raised during `<bound method Behaviour.act_wrapper of <behaviours.LearningChainedConsensusBehaviour object at 0x7f061dc49150>>`
Traceback (most recent call last):
  File "/usr/local/lib/python3.11/site-packages/aea/skills/base.py", line 435, in act_wrapper
    self.act()
  File "/root/agent/vendor/valory/skills/abstract_round_abci/behaviour_utils.py", line 319, in act
    self.__handle_waiting_for_message()
  File "/root/agent/vendor/valory/skills/abstract_round_abci/behaviour_utils.py", line 355, in __handle_waiting_for_message
    self.__get_generator_act().send(self.__message)
  File "/root/agent/vendor/valory/skills/abstract_round_abci/behaviour_utils.py", line 732, in async_act_wrapper
    yield from self.async_act()
  File "/root/agent/vendor/valory/skills/learning_abci/behaviours.py", line 106, in async_act
    new_proposal = contract_response.state.body["data"]
                   ^^^^^^^^^^^^^^^^^^^^^^^
  File "/root/agent/vendor/valory/protocols/contract_api/message.py", line 225, in state
    enforce(self.is_set("state"), "'state' content is not set.")
  File "/usr/local/lib/python3.11/site-packages/aea/exceptions.py", line 106, in enforce
    raise exception_class(exception_text)
aea.exceptions.AEAEnforceError: 'state' content is not set.

During handling of the above exception, another exception occurred:

Traceback (most recent call last):
  File "/usr/local/lib/python3.11/site-packages/aea/skills/base.py", line 435, in act_wrapper
    self.act()
  File "/root/agent/vendor/valory/skills/abstract_round_abci/behaviours.py", line 376, in act
    self.current_behaviour.act_wrapper()
  File "/usr/local/lib/python3.11/site-packages/aea/skills/base.py", line 440, in act_wrapper
    raise AEAActException(
aea.exceptions.AEAActException: An error occurred during act of behaviour valory/learning_chained_abci:0.1.0/APICheckBehaviour:
Traceback (most recent call last):

  File "/root/agent/vendor/valory/protocols/contract_api/message.py", line 225, in state
    enforce(self.is_set("state"), "'state' content is not set.")

  File "/usr/local/lib/python3.11/site-packages/aea/exceptions.py", line 106, in enforce
    raise exception_class(exception_text)

aea.exceptions.AEAEnforceError: 'state' content is not set.


During handling of the above exception, another exception occurred:

Traceback (most recent call last):
  File "/usr/local/lib/python3.11/site-packages/aea/agent_loop.py", line 286, in _execution_control
    return fn(*(args or []), **(kwargs or {}))
           ^^^^^^^^^^^^^^^^^^^^^^^^^^^^^^^^^^^
  File "/usr/local/lib/python3.11/site-packages/aea/skills/base.py", line 440, in act_wrapper
    raise AEAActException(
aea.exceptions.AEAActException: An error occurred during act of behaviour valory/learning_chained_abci:0.1.0/LearningChainedConsensusBehaviour:
Traceback (most recent call last):

  File "/usr/local/lib/python3.11/site-packages/aea/exceptions.py", line 106, in enforce
    raise exception_class(exception_text)

aea.exceptions.AEAEnforceError: 'state' content is not set.


During handling of the above exception, another exception occurred:


Traceback (most recent call last):

  File "/usr/local/lib/python3.11/site-packages/aea/skills/base.py", line 440, in act_wrapper
    raise AEAActException(

aea.exceptions.AEAActException: An error occurred during act of behaviour valory/learning_chained_abci:0.1.0/APICheckBehaviour:
Traceback (most recent call last):

  File "/root/agent/vendor/valory/protocols/contract_api/message.py", line 225, in state
    enforce(self.is_set("state"), "'state' content is not set.")

  File "/usr/local/lib/python3.11/site-packages/aea/exceptions.py", line 106, in enforce
    raise exception_class(exception_text)

aea.exceptions.AEAEnforceError: 'state' content is not set.


[2024-07-31 05:54:15,995] [INFO] [agent] HTTP Client has shutdown on port: 8000.
[2024-07-31 05:54:15,996] [INFO] [agent] HTTP Server has shutdown on port: 8000.
[2024-07-31 05:54:16,625] [ERROR] [agent] Unhandled exception AttributeError: 'NoneType' object has no attribute 'put'
